<?xml version="1.0" ?>
<coverage version="7.13.5" timestamp="1778027782441" lines-valid="7743" lines-covered="1496" line-rate="0.1932" branches-valid="2592" branches-covered="2" branch-rate="0.0007716" complexity="0">
	<!-- Generated by coverage.py: https://coverage.readthedocs.io/en/7.13.5 -->
	<!-- Based on https://raw.githubusercontent.com/cobertura/web/master/htdocs/xml/coverage-04.dtd -->
	<sources>
		<source>/Users/doughnut/GitHub/voiage/voiage</source>
	</sources>
	<packages>
		<package name="." line-rate="0.2116" branch-rate="0.0016" complexity="0">
			<classes>
				<class name="__init__.py" filename="__init__.py" complexity="0" line-rate="1" branch-rate="1">
					<methods/>
					<lines>
						<line number="7" hits="1"/>
						<line number="8" hits="1"/>
						<line number="10" hits="1"/>
						<line number="27" hits="1"/>
						<line number="28" hits="1"/>
						<line number="29" hits="1"/>
						<line number="30" hits="1"/>
						<line number="34" hits="1"/>
						<line number="38" hits="1"/>
						<line number="44" hits="1"/>
						<line number="53" hits="1"/>
						<line number="54" hits="1"/>
						<line number="63" hits="1"/>
						<line number="64" hits="1"/>
						<line number="68" hits="1"/>
					</lines>
				</class>
				<class name="__main__.py" filename="__main__.py" complexity="0" line-rate="0" branch-rate="1">
					<methods/>
					<lines>
						<line number="3" hits="0"/>
					</lines>
				</class>
				<class name="analysis.py" filename="analysis.py" complexity="0" line-rate="0.1146" branch-rate="0">
					<methods/>
					<lines>
						<line number="5" hits="1"/>
						<line number="6" hits="1"/>
						<line number="7" hits="1"/>
						<line number="9" hits="1"/>
						<line number="11" hits="1"/>
						<line number="12" hits="1"/>
						<line number="13" hits="1"/>
						<line number="19" hits="1"/>
						<line number="20" hits="1"/>
						<line number="23" hits="1"/>
						<line number="24" hits="1"/>
						<line number="25" hits="1"/>
						<line number="27" hits="1"/>
						<line number="28" hits="0"/>
						<line number="29" hits="0"/>
						<line number="31" hits="1"/>
						<line number="32" hits="1"/>
						<line number="33" hits="1"/>
						<line number="34" hits="1"/>
						<line number="36" hits="1"/>
						<line number="37" hits="1"/>
						<line number="38" hits="0"/>
						<line number="41" hits="0"/>
						<line number="44" hits="1"/>
						<line number="47" hits="1"/>
						<line number="50" hits="1"/>
						<line number="54" hits="1"/>
						<line number="102" hits="1"/>
						<line number="114" hits="0" branch="true" condition-coverage="0% (0/2)" missing-branches="115,116"/>
						<line number="115" hits="0"/>
						<line number="116" hits="0" branch="true" condition-coverage="0% (0/2)" missing-branches="117,123"/>
						<line number="117" hits="0" branch="true" condition-coverage="0% (0/2)" missing-branches="118,121"/>
						<line number="118" hits="0"/>
						<line number="121" hits="0"/>
						<line number="123" hits="0"/>
						<line number="125" hits="0" branch="true" condition-coverage="0% (0/2)" missing-branches="126,137"/>
						<line number="126" hits="0" branch="true" condition-coverage="0% (0/2)" missing-branches="127,128"/>
						<line number="127" hits="0"/>
						<line number="128" hits="0" branch="true" condition-coverage="0% (0/2)" missing-branches="129,133"/>
						<line number="129" hits="0"/>
						<line number="133" hits="0"/>
						<line number="137" hits="0"/>
						<line number="141" hits="0" branch="true" condition-coverage="0% (0/2)" missing-branches="142,144"/>
						<line number="142" hits="0"/>
						<line number="144" hits="0"/>
						<line number="145" hits="0"/>
						<line number="148" hits="0"/>
						<line number="149" hits="0"/>
						<line number="150" hits="0"/>
						<line number="151" hits="0" branch="true" condition-coverage="0% (0/2)" missing-branches="152,155"/>
						<line number="152" hits="0"/>
						<line number="155" hits="0"/>
						<line number="156" hits="0"/>
						<line number="159" hits="0"/>
						<line number="162" hits="0"/>
						<line number="164" hits="1"/>
						<line number="187" hits="0" branch="true" condition-coverage="0% (0/2)" missing-branches="188,191"/>
						<line number="188" hits="0"/>
						<line number="191" hits="0" branch="true" condition-coverage="0% (0/2)" missing-branches="192,195"/>
						<line number="192" hits="0"/>
						<line number="193" hits="0" branch="true" condition-coverage="0% (0/2)" missing-branches="194,205"/>
						<line number="194" hits="0"/>
						<line number="195" hits="0" branch="true" condition-coverage="0% (0/2)" missing-branches="197,205"/>
						<line number="197" hits="0" branch="true" condition-coverage="0% (0/2)" missing-branches="202,205"/>
						<line number="202" hits="0"/>
						<line number="205" hits="0" branch="true" condition-coverage="0% (0/2)" missing-branches="206,217"/>
						<line number="206" hits="0" branch="true" condition-coverage="0% (0/2)" missing-branches="207,210"/>
						<line number="207" hits="0"/>
						<line number="208" hits="0" branch="true" condition-coverage="0% (0/2)" missing-branches="209,217"/>
						<line number="209" hits="0"/>
						<line number="210" hits="0" branch="true" condition-coverage="0% (0/2)" missing-branches="212,217"/>
						<line number="212" hits="0" branch="true" condition-coverage="0% (0/2)" missing-branches="213,217"/>
						<line number="213" hits="0" branch="true" condition-coverage="0% (0/2)" missing-branches="212,214"/>
						<line number="214" hits="0"/>
						<line number="217" hits="0"/>
						<line number="219" hits="1"/>
						<line number="228" hits="0"/>
						<line number="231" hits="0"/>
						<line number="232" hits="0"/>
						<line number="235" hits="0" branch="true" condition-coverage="0% (0/2)" missing-branches="240,245"/>
						<line number="240" hits="0" branch="true" condition-coverage="0% (0/2)" missing-branches="241,245"/>
						<line number="241" hits="0"/>
						<line number="242" hits="0"/>
						<line number="245" hits="0"/>
						<line number="247" hits="1"/>
						<line number="249" hits="0" branch="true" condition-coverage="0% (0/2)" missing-branches="exit,250"/>
						<line number="250" hits="0"/>
						<line number="251" hits="0" branch="true" condition-coverage="0% (0/2)" missing-branches="exit,252"/>
						<line number="252" hits="0"/>
						<line number="253" hits="0"/>
						<line number="255" hits="1"/>
						<line number="266" hits="0" branch="true" condition-coverage="0% (0/2)" missing-branches="267,269"/>
						<line number="267" hits="0"/>
						<line number="268" hits="0"/>
						<line number="269" hits="0"/>
						<line number="271" hits="1"/>
						<line number="279" hits="0" branch="true" condition-coverage="0% (0/2)" missing-branches="exit,280"/>
						<line number="280" hits="0"/>
						<line number="281" hits="0"/>
						<line number="283" hits="1"/>
						<line number="285" hits="0" branch="true" condition-coverage="0% (0/2)" missing-branches="exit,287"/>
						<line number="287" hits="0"/>
						<line number="288" hits="0" branch="true" condition-coverage="0% (0/2)" missing-branches="exit,289"/>
						<line number="289" hits="0"/>
						<line number="293" hits="1"/>
						<line number="309" hits="0" branch="true" condition-coverage="0% (0/2)" missing-branches="310,311"/>
						<line number="310" hits="0"/>
						<line number="311" hits="0" branch="true" condition-coverage="0% (0/2)" missing-branches="312,314"/>
						<line number="312" hits="0"/>
						<line number="314" hits="0"/>
						<line number="319" hits="0" branch="true" condition-coverage="0% (0/2)" missing-branches="320,325"/>
						<line number="320" hits="0"/>
						<line number="325" hits="0" branch="true" condition-coverage="0% (0/2)" missing-branches="327,362"/>
						<line number="327" hits="0" branch="true" condition-coverage="0% (0/2)" missing-branches="328,359"/>
						<line number="328" hits="0"/>
						<line number="331" hits="0" branch="true" condition-coverage="0% (0/2)" missing-branches="327,336"/>
						<line number="336" hits="0" branch="true" condition-coverage="0% (0/2)" missing-branches="337,338"/>
						<line number="337" hits="0"/>
						<line number="338" hits="0" branch="true" condition-coverage="0% (0/2)" missing-branches="339,343"/>
						<line number="339" hits="0"/>
						<line number="343" hits="0"/>
						<line number="348" hits="0" branch="true" condition-coverage="0% (0/2)" missing-branches="327,352"/>
						<line number="352" hits="0"/>
						<line number="353" hits="0" branch="true" condition-coverage="0% (0/2)" missing-branches="354,356"/>
						<line number="354" hits="0" branch="true" condition-coverage="0% (0/2)" missing-branches="353,355"/>
						<line number="355" hits="0"/>
						<line number="356" hits="0"/>
						<line number="359" hits="0"/>
						<line number="362" hits="0"/>
						<line number="364" hits="1"/>
						<line number="366" hits="0" branch="true" condition-coverage="0% (0/2)" missing-branches="368,371"/>
						<line number="368" hits="0"/>
						<line number="369" hits="0"/>
						<line number="371" hits="0" branch="true" condition-coverage="0% (0/2)" missing-branches="exit,373"/>
						<line number="373" hits="0"/>
						<line number="374" hits="0" branch="true" condition-coverage="0% (0/2)" missing-branches="375,379"/>
						<line number="375" hits="0" branch="true" condition-coverage="0% (0/2)" missing-branches="374,376"/>
						<line number="376" hits="0"/>
						<line number="379" hits="0"/>
						<line number="384" hits="0"/>
						<line number="386" hits="1"/>
						<line number="396" hits="0"/>
						<line number="397" hits="0"/>
						<line number="398" hits="0"/>
						<line number="401" hits="0" branch="true" condition-coverage="0% (0/2)" missing-branches="exit,403"/>
						<line number="403" hits="0" branch="true" condition-coverage="0% (0/2)" missing-branches="404,405"/>
						<line number="404" hits="0"/>
						<line number="405" hits="0" branch="true" condition-coverage="0% (0/2)" missing-branches="406,408"/>
						<line number="406" hits="0"/>
						<line number="408" hits="0"/>
						<line number="413" hits="0" branch="true" condition-coverage="0% (0/2)" missing-branches="exit,416"/>
						<line number="416" hits="0"/>
						<line number="417" hits="0" branch="true" condition-coverage="0% (0/2)" missing-branches="418,429"/>
						<line number="418" hits="0" branch="true" condition-coverage="0% (0/2)" missing-branches="419,426"/>
						<line number="419" hits="0"/>
						<line number="426" hits="0"/>
						<line number="429" hits="0"/>
						<line number="433" hits="1"/>
						<line number="441" hits="0"/>
						<line number="443" hits="0"/>
						<line number="444" hits="0"/>
						<line number="446" hits="1"/>
						<line number="454" hits="0"/>
						<line number="456" hits="0"/>
						<line number="457" hits="0"/>
						<line number="459" hits="1"/>
						<line number="489" hits="0"/>
						<line number="490" hits="0"/>
						<line number="491" hits="0" branch="true" condition-coverage="0% (0/2)" missing-branches="492,494"/>
						<line number="492" hits="0"/>
						<line number="494" hits="0"/>
						<line number="495" hits="0"/>
						<line number="497" hits="0" branch="true" condition-coverage="0% (0/2)" missing-branches="498,499"/>
						<line number="498" hits="0"/>
						<line number="499" hits="0" branch="true" condition-coverage="0% (0/2)" missing-branches="500,502"/>
						<line number="500" hits="0"/>
						<line number="502" hits="0"/>
						<line number="504" hits="0" branch="true" condition-coverage="0% (0/2)" missing-branches="505,507"/>
						<line number="505" hits="0"/>
						<line number="507" hits="0" branch="true" condition-coverage="0% (0/2)" missing-branches="509,512"/>
						<line number="509" hits="0"/>
						<line number="512" hits="0"/>
						<line number="515" hits="0"/>
						<line number="517" hits="0"/>
						<line number="518" hits="0"/>
						<line number="520" hits="0" branch="true" condition-coverage="0% (0/2)" missing-branches="522,572"/>
						<line number="522" hits="0" branch="true" condition-coverage="0% (0/2)" missing-branches="523,526"/>
						<line number="523" hits="0"/>
						<line number="526" hits="0" branch="true" condition-coverage="0% (0/2)" missing-branches="527,528"/>
						<line number="527" hits="0"/>
						<line number="528" hits="0" branch="true" condition-coverage="0% (0/2)" missing-branches="529,532"/>
						<line number="529" hits="0"/>
						<line number="532" hits="0" branch="true" condition-coverage="0% (0/2)" missing-branches="533,536"/>
						<line number="533" hits="0"/>
						<line number="536" hits="0" branch="true" condition-coverage="0% (0/2)" missing-branches="537,538"/>
						<line number="537" hits="0"/>
						<line number="538" hits="0" branch="true" condition-coverage="0% (0/2)" missing-branches="539,542"/>
						<line number="539" hits="0"/>
						<line number="542" hits="0"/>
						<line number="543" hits="0" branch="true" condition-coverage="0% (0/2)" missing-branches="544,546"/>
						<line number="544" hits="0"/>
						<line number="546" hits="0" branch="true" condition-coverage="0% (0/2)" missing-branches="547,550"/>
						<line number="547" hits="0"/>
						<line number="550" hits="0" branch="true" condition-coverage="0% (0/2)" missing-branches="551,554"/>
						<line number="551" hits="0"/>
						<line number="554" hits="0" branch="true" condition-coverage="0% (0/2)" missing-branches="555,558"/>
						<line number="555" hits="0"/>
						<line number="558" hits="0" branch="true" condition-coverage="0% (0/2)" missing-branches="559,561"/>
						<line number="559" hits="0"/>
						<line number="561" hits="0"/>
						<line number="563" hits="0"/>
						<line number="566" hits="0" branch="true" condition-coverage="0% (0/2)" missing-branches="567,570"/>
						<line number="567" hits="0"/>
						<line number="570" hits="0"/>
						<line number="571" hits="0"/>
						<line number="572" hits="0" branch="true" condition-coverage="0% (0/2)" missing-branches="577,583"/>
						<line number="577" hits="0"/>
						<line number="583" hits="0"/>
						<line number="584" hits="0"/>
						<line number="586" hits="1"/>
						<line number="611" hits="0"/>
						<line number="618" hits="1"/>
						<line number="630" hits="0"/>
						<line number="634" hits="0"/>
						<line number="636" hits="0"/>
						<line number="639" hits="0"/>
						<line number="640" hits="0" branch="true" condition-coverage="0% (0/2)" missing-branches="641,656"/>
						<line number="641" hits="0"/>
						<line number="642" hits="0"/>
						<line number="643" hits="0"/>
						<line number="646" hits="0"/>
						<line number="647" hits="0"/>
						<line number="650" hits="0"/>
						<line number="651" hits="0"/>
						<line number="653" hits="0"/>
						<line number="656" hits="0"/>
						<line number="657" hits="0"/>
						<line number="658" hits="0"/>
						<line number="660" hits="0"/>
						<line number="662" hits="1"/>
						<line number="704" hits="0"/>
						<line number="709" hits="0"/>
						<line number="710" hits="0" branch="true" condition-coverage="0% (0/2)" missing-branches="711,713"/>
						<line number="711" hits="0"/>
						<line number="713" hits="0" branch="true" condition-coverage="0% (0/2)" missing-branches="714,719"/>
						<line number="714" hits="0"/>
						<line number="719" hits="0" branch="true" condition-coverage="0% (0/2)" missing-branches="720,724"/>
						<line number="720" hits="0"/>
						<line number="724" hits="0" branch="true" condition-coverage="0% (0/2)" missing-branches="725,727"/>
						<line number="725" hits="0"/>
						<line number="727" hits="0" branch="true" condition-coverage="0% (0/2)" missing-branches="728,733"/>
						<line number="728" hits="0"/>
						<line number="733" hits="0"/>
						<line number="734" hits="0" branch="true" condition-coverage="0% (0/2)" missing-branches="735,740"/>
						<line number="735" hits="0" branch="true" condition-coverage="0% (0/2)" missing-branches="734,736"/>
						<line number="736" hits="0"/>
						<line number="740" hits="0"/>
						<line number="741" hits="0"/>
						<line number="742" hits="0"/>
						<line number="744" hits="0" branch="true" condition-coverage="0% (0/2)" missing-branches="745,746"/>
						<line number="745" hits="0"/>
						<line number="746" hits="0" branch="true" condition-coverage="0% (0/2)" missing-branches="747,748"/>
						<line number="747" hits="0"/>
						<line number="748" hits="0" branch="true" condition-coverage="0% (0/2)" missing-branches="749,751"/>
						<line number="749" hits="0"/>
						<line number="751" hits="0"/>
						<line number="754" hits="0"/>
						<line number="757" hits="0"/>
						<line number="759" hits="0" branch="true" condition-coverage="0% (0/2)" missing-branches="760,782"/>
						<line number="760" hits="0" branch="true" condition-coverage="0% (0/2)" missing-branches="761,764"/>
						<line number="761" hits="0"/>
						<line number="764" hits="0" branch="true" condition-coverage="0% (0/2)" missing-branches="765,768"/>
						<line number="765" hits="0"/>
						<line number="768" hits="0" branch="true" condition-coverage="0% (0/2)" missing-branches="769,772"/>
						<line number="769" hits="0"/>
						<line number="772" hits="0" branch="true" condition-coverage="0% (0/2)" missing-branches="773,778"/>
						<line number="773" hits="0"/>
						<line number="778" hits="0"/>
						<line number="779" hits="0"/>
						<line number="780" hits="0"/>
						<line number="782" hits="0"/>
						<line number="783" hits="0"/>
						<line number="786" hits="0"/>
						<line number="788" hits="0" branch="true" condition-coverage="0% (0/2)" missing-branches="789,809"/>
						<line number="789" hits="0"/>
						<line number="791" hits="0" branch="true" condition-coverage="0% (0/2)" missing-branches="792,793"/>
						<line number="792" hits="0"/>
						<line number="793" hits="0" branch="true" condition-coverage="0% (0/2)" missing-branches="794,796"/>
						<line number="794" hits="0"/>
						<line number="796" hits="0"/>
						<line number="798" hits="0"/>
						<line number="799" hits="0"/>
						<line number="801" hits="0"/>
						<line number="802" hits="0"/>
						<line number="803" hits="0"/>
						<line number="809" hits="0"/>
						<line number="812" hits="0" branch="true" condition-coverage="0% (0/2)" missing-branches="813,816"/>
						<line number="813" hits="0"/>
						<line number="816" hits="0"/>
						<line number="818" hits="0"/>
						<line number="821" hits="0"/>
						<line number="823" hits="0" branch="true" condition-coverage="0% (0/2)" missing-branches="825,875"/>
						<line number="825" hits="0" branch="true" condition-coverage="0% (0/2)" missing-branches="826,829"/>
						<line number="826" hits="0"/>
						<line number="829" hits="0" branch="true" condition-coverage="0% (0/2)" missing-branches="830,831"/>
						<line number="830" hits="0"/>
						<line number="831" hits="0" branch="true" condition-coverage="0% (0/2)" missing-branches="832,835"/>
						<line number="832" hits="0"/>
						<line number="835" hits="0" branch="true" condition-coverage="0% (0/2)" missing-branches="836,839"/>
						<line number="836" hits="0"/>
						<line number="839" hits="0" branch="true" condition-coverage="0% (0/2)" missing-branches="840,841"/>
						<line number="840" hits="0"/>
						<line number="841" hits="0" branch="true" condition-coverage="0% (0/2)" missing-branches="842,845"/>
						<line number="842" hits="0"/>
						<line number="845" hits="0"/>
						<line number="846" hits="0" branch="true" condition-coverage="0% (0/2)" missing-branches="847,849"/>
						<line number="847" hits="0"/>
						<line number="849" hits="0" branch="true" condition-coverage="0% (0/2)" missing-branches="850,853"/>
						<line number="850" hits="0"/>
						<line number="853" hits="0" branch="true" condition-coverage="0% (0/2)" missing-branches="854,857"/>
						<line number="854" hits="0"/>
						<line number="857" hits="0" branch="true" condition-coverage="0% (0/2)" missing-branches="858,861"/>
						<line number="858" hits="0"/>
						<line number="861" hits="0" branch="true" condition-coverage="0% (0/2)" missing-branches="862,864"/>
						<line number="862" hits="0"/>
						<line number="864" hits="0"/>
						<line number="866" hits="0"/>
						<line number="869" hits="0" branch="true" condition-coverage="0% (0/2)" missing-branches="870,873"/>
						<line number="870" hits="0"/>
						<line number="873" hits="0"/>
						<line number="874" hits="0"/>
						<line number="875" hits="0" branch="true" condition-coverage="0% (0/2)" missing-branches="880,886"/>
						<line number="880" hits="0"/>
						<line number="886" hits="0"/>
						<line number="887" hits="0"/>
						<line number="889" hits="1"/>
						<line number="918" hits="0"/>
						<line number="919" hits="0"/>
						<line number="920" hits="0" branch="true" condition-coverage="0% (0/2)" missing-branches="921,923"/>
						<line number="921" hits="0"/>
						<line number="923" hits="0"/>
						<line number="924" hits="0"/>
						<line number="926" hits="0" branch="true" condition-coverage="0% (0/2)" missing-branches="927,928"/>
						<line number="927" hits="0"/>
						<line number="928" hits="0" branch="true" condition-coverage="0% (0/2)" missing-branches="929,931"/>
						<line number="929" hits="0"/>
						<line number="931" hits="0"/>
						<line number="933" hits="0" branch="true" condition-coverage="0% (0/2)" missing-branches="935,940"/>
						<line number="935" hits="0"/>
						<line number="940" hits="0"/>
						<line number="943" hits="0"/>
						<line number="945" hits="0"/>
						<line number="946" hits="0"/>
						<line number="948" hits="0" branch="true" condition-coverage="0% (0/2)" missing-branches="950,1000"/>
						<line number="950" hits="0" branch="true" condition-coverage="0% (0/2)" missing-branches="951,954"/>
						<line number="951" hits="0"/>
						<line number="954" hits="0" branch="true" condition-coverage="0% (0/2)" missing-branches="955,956"/>
						<line number="955" hits="0"/>
						<line number="956" hits="0" branch="true" condition-coverage="0% (0/2)" missing-branches="957,960"/>
						<line number="957" hits="0"/>
						<line number="960" hits="0" branch="true" condition-coverage="0% (0/2)" missing-branches="961,964"/>
						<line number="961" hits="0"/>
						<line number="964" hits="0" branch="true" condition-coverage="0% (0/2)" missing-branches="965,966"/>
						<line number="965" hits="0"/>
						<line number="966" hits="0" branch="true" condition-coverage="0% (0/2)" missing-branches="967,970"/>
						<line number="967" hits="0"/>
						<line number="970" hits="0"/>
						<line number="971" hits="0" branch="true" condition-coverage="0% (0/2)" missing-branches="972,974"/>
						<line number="972" hits="0"/>
						<line number="974" hits="0" branch="true" condition-coverage="0% (0/2)" missing-branches="975,978"/>
						<line number="975" hits="0"/>
						<line number="978" hits="0" branch="true" condition-coverage="0% (0/2)" missing-branches="979,982"/>
						<line number="979" hits="0"/>
						<line number="982" hits="0" branch="true" condition-coverage="0% (0/2)" missing-branches="983,986"/>
						<line number="983" hits="0"/>
						<line number="986" hits="0" branch="true" condition-coverage="0% (0/2)" missing-branches="987,989"/>
						<line number="987" hits="0"/>
						<line number="989" hits="0"/>
						<line number="991" hits="0"/>
						<line number="994" hits="0" branch="true" condition-coverage="0% (0/2)" missing-branches="995,998"/>
						<line number="995" hits="0"/>
						<line number="998" hits="0"/>
						<line number="999" hits="0"/>
						<line number="1000" hits="0" branch="true" condition-coverage="0% (0/2)" missing-branches="1005,1011"/>
						<line number="1005" hits="0"/>
						<line number="1011" hits="0"/>
						<line number="1012" hits="0"/>
						<line number="1014" hits="1"/>
						<line number="1036" hits="0"/>
						<line number="1038" hits="0"/>
						<line number="1045" hits="1"/>
						<line number="1067" hits="0"/>
						<line number="1069" hits="0"/>
						<line number="1075" hits="1"/>
						<line number="1097" hits="0"/>
						<line number="1099" hits="0"/>
						<line number="1106" hits="1"/>
						<line number="1114" hits="0"/>
						<line number="1116" hits="0"/>
						<line number="1124" hits="1"/>
						<line number="1137" hits="0"/>
						<line number="1139" hits="0"/>
						<line number="1152" hits="1"/>
						<line number="1181" hits="0"/>
						<line number="1183" hits="0"/>
						<line number="1192" hits="1"/>
						<line number="1201" hits="0"/>
						<line number="1203" hits="0"/>
						<line number="1212" hits="1"/>
						<line number="1237" hits="0"/>
						<line number="1239" hits="0"/>
						<line number="1246" hits="1"/>
						<line number="1254" hits="0"/>
						<line number="1255" hits="0"/>
						<line number="1257" hits="0" branch="true" condition-coverage="0% (0/2)" missing-branches="1258,1260"/>
						<line number="1258" hits="0"/>
						<line number="1260" hits="0"/>
						<line number="1261" hits="0"/>
						<line number="1262" hits="0"/>
						<line number="1264" hits="0"/>
						<line number="1276" hits="1"/>
						<line number="1293" hits="0"/>
						<line number="1296" hits="0"/>
						<line number="1299" hits="0"/>
						<line number="1300" hits="0" branch="true" condition-coverage="0% (0/2)" missing-branches="1301,1312"/>
						<line number="1301" hits="0"/>
						<line number="1302" hits="0"/>
						<line number="1303" hits="0"/>
						<line number="1306" hits="0"/>
						<line number="1307" hits="0"/>
						<line number="1309" hits="0"/>
						<line number="1312" hits="0"/>
						<line number="1313" hits="0"/>
						<line number="1315" hits="0"/>
						<line number="1317" hits="1"/>
						<line number="1325" hits="0" branch="true" condition-coverage="0% (0/2)" missing-branches="1326,1328"/>
						<line number="1326" hits="0"/>
						<line number="1328" hits="0" branch="true" condition-coverage="0% (0/2)" missing-branches="1329,1332"/>
						<line number="1329" hits="0"/>
						<line number="1332" hits="0"/>
						<line number="1336" hits="0" branch="true" condition-coverage="0% (0/2)" missing-branches="1337,1339"/>
						<line number="1337" hits="0"/>
						<line number="1339" hits="0" branch="true" condition-coverage="0% (0/2)" missing-branches="1340,1344"/>
						<line number="1340" hits="0"/>
						<line number="1344" hits="0"/>
					</lines>
				</class>
				<class name="cli.py" filename="cli.py" complexity="0" line-rate="0.1259" branch-rate="0">
					<methods/>
					<lines>
						<line number="14" hits="1"/>
						<line number="15" hits="1"/>
						<line number="16" hits="1"/>
						<line number="17" hits="1"/>
						<line number="18" hits="1"/>
						<line number="19" hits="1"/>
						<line number="20" hits="1"/>
						<line number="21" hits="1"/>
						<line number="22" hits="1"/>
						<line number="24" hits="1"/>
						<line number="25" hits="1"/>
						<line number="27" hits="1"/>
						<line number="32" hits="1"/>
						<line number="37" hits="1"/>
						<line number="38" hits="1"/>
						<line number="39" hits="1"/>
						<line number="40" hits="1"/>
						<line number="44" hits="1"/>
						<line number="45" hits="1"/>
						<line number="49" hits="1"/>
						<line number="53" hits="1"/>
						<line number="57" hits="1"/>
						<line number="58" hits="1"/>
						<line number="61" hits="1"/>
						<line number="64" hits="1"/>
						<line number="65" hits="1"/>
						<line number="66" hits="1"/>
						<line number="67" hits="1"/>
						<line number="68" hits="1"/>
						<line number="69" hits="1"/>
						<line number="70" hits="1"/>
						<line number="71" hits="1"/>
						<line number="72" hits="1"/>
						<line number="75" hits="1"/>
						<line number="78" hits="1"/>
						<line number="79" hits="1"/>
						<line number="88" hits="1"/>
						<line number="92" hits="1"/>
						<line number="94" hits="1"/>
						<line number="95" hits="1"/>
						<line number="96" hits="1"/>
						<line number="102" hits="1"/>
						<line number="155" hits="1"/>
						<line number="157" hits="0"/>
						<line number="159" hits="0"/>
						<line number="167" hits="0" branch="true" condition-coverage="0% (0/2)" missing-branches="168,173"/>
						<line number="168" hits="0"/>
						<line number="169" hits="0"/>
						<line number="170" hits="0"/>
						<line number="171" hits="0"/>
						<line number="173" hits="0"/>
						<line number="174" hits="0"/>
						<line number="175" hits="0"/>
						<line number="176" hits="0"/>
						<line number="177" hits="0"/>
						<line number="180" hits="1"/>
						<line number="182" hits="0" branch="true" condition-coverage="0% (0/2)" missing-branches="183,185"/>
						<line number="183" hits="0"/>
						<line number="185" hits="0" branch="true" condition-coverage="0% (0/2)" missing-branches="186,192"/>
						<line number="186" hits="0"/>
						<line number="189" hits="0"/>
						<line number="190" hits="0"/>
						<line number="192" hits="0"/>
						<line number="195" hits="1"/>
						<line number="196" hits="1"/>
						<line number="214" hits="0"/>
						<line number="215" hits="0"/>
						<line number="216" hits="0"/>
						<line number="219" hits="1"/>
						<line number="221" hits="0"/>
						<line number="224" hits="1"/>
						<line number="226" hits="0"/>
						<line number="227" hits="0"/>
						<line number="228" hits="0"/>
						<line number="231" hits="1"/>
						<line number="233" hits="0"/>
						<line number="234" hits="0"/>
						<line number="235" hits="0" branch="true" condition-coverage="0% (0/2)" missing-branches="236,237"/>
						<line number="236" hits="0"/>
						<line number="237" hits="0"/>
						<line number="240" hits="1"/>
						<line number="242" hits="0" branch="true" condition-coverage="0% (0/2)" missing-branches="243,244"/>
						<line number="243" hits="0"/>
						<line number="244" hits="0" branch="true" condition-coverage="0% (0/2)" missing-branches="245,246"/>
						<line number="245" hits="0"/>
						<line number="246" hits="0"/>
						<line number="249" hits="1"/>
						<line number="251" hits="0"/>
						<line number="252" hits="0" branch="true" condition-coverage="0% (0/2)" missing-branches="253,254"/>
						<line number="253" hits="0"/>
						<line number="254" hits="0" branch="true" condition-coverage="0% (0/2)" missing-branches="255,256"/>
						<line number="255" hits="0"/>
						<line number="256" hits="0" branch="true" condition-coverage="0% (0/2)" missing-branches="257,262"/>
						<line number="257" hits="0"/>
						<line number="258" hits="0"/>
						<line number="259" hits="0"/>
						<line number="260" hits="0"/>
						<line number="261" hits="0"/>
						<line number="262" hits="0"/>
						<line number="265" hits="1"/>
						<line number="267" hits="0"/>
						<line number="273" hits="1"/>
						<line number="275" hits="0"/>
						<line number="276" hits="0"/>
						<line number="277" hits="0"/>
						<line number="280" hits="1"/>
						<line number="282" hits="0"/>
						<line number="283" hits="0" branch="true" condition-coverage="0% (0/2)" missing-branches="284,285"/>
						<line number="284" hits="0"/>
						<line number="285" hits="0"/>
						<line number="286" hits="0" branch="true" condition-coverage="0% (0/2)" missing-branches="287,291"/>
						<line number="287" hits="0"/>
						<line number="291" hits="0"/>
						<line number="295" hits="0" branch="true" condition-coverage="0% (0/2)" missing-branches="296,298"/>
						<line number="296" hits="0"/>
						<line number="298" hits="0"/>
						<line number="299" hits="0" branch="true" condition-coverage="0% (0/2)" missing-branches="300,301"/>
						<line number="300" hits="0"/>
						<line number="301" hits="0" branch="true" condition-coverage="0% (0/2)" missing-branches="302,304"/>
						<line number="302" hits="0"/>
						<line number="304" hits="0"/>
						<line number="305" hits="0" branch="true" condition-coverage="0% (0/2)" missing-branches="306,308"/>
						<line number="306" hits="0"/>
						<line number="308" hits="0"/>
						<line number="310" hits="0"/>
						<line number="319" hits="0"/>
						<line number="324" hits="1"/>
						<line number="334" hits="0"/>
						<line number="335" hits="0" branch="true" condition-coverage="0% (0/2)" missing-branches="336,337"/>
						<line number="336" hits="0"/>
						<line number="337" hits="0"/>
						<line number="338" hits="0" branch="true" condition-coverage="0% (0/2)" missing-branches="339,341"/>
						<line number="339" hits="0"/>
						<line number="341" hits="0"/>
						<line number="345" hits="0" branch="true" condition-coverage="0% (0/2)" missing-branches="346,350"/>
						<line number="346" hits="0"/>
						<line number="350" hits="0"/>
						<line number="351" hits="0" branch="true" condition-coverage="0% (0/2)" missing-branches="352,353"/>
						<line number="352" hits="0"/>
						<line number="353" hits="0"/>
						<line number="354" hits="0" branch="true" condition-coverage="0% (0/2)" missing-branches="355,357"/>
						<line number="355" hits="0"/>
						<line number="357" hits="0"/>
						<line number="362" hits="0"/>
						<line number="371" hits="1"/>
						<line number="376" hits="0"/>
						<line number="400" hits="1"/>
						<line number="405" hits="0"/>
						<line number="406" hits="0" branch="true" condition-coverage="0% (0/2)" missing-branches="407,408"/>
						<line number="407" hits="0"/>
						<line number="408" hits="0"/>
						<line number="409" hits="0" branch="true" condition-coverage="0% (0/2)" missing-branches="410,412"/>
						<line number="410" hits="0"/>
						<line number="412" hits="0"/>
						<line number="416" hits="0" branch="true" condition-coverage="0% (0/2)" missing-branches="417,419"/>
						<line number="417" hits="0"/>
						<line number="419" hits="0"/>
						<line number="420" hits="0" branch="true" condition-coverage="0% (0/2)" missing-branches="421,423"/>
						<line number="421" hits="0"/>
						<line number="423" hits="0"/>
						<line number="427" hits="0"/>
						<line number="430" hits="1"/>
						<line number="432" hits="0"/>
						<line number="433" hits="0" branch="true" condition-coverage="0% (0/2)" missing-branches="434,436"/>
						<line number="434" hits="0"/>
						<line number="436" hits="0"/>
						<line number="437" hits="0"/>
						<line number="440" hits="1"/>
						<line number="445" hits="0"/>
						<line number="466" hits="1"/>
						<line number="471" hits="0"/>
						<line number="501" hits="1"/>
						<line number="506" hits="0"/>
						<line number="533" hits="1"/>
						<line number="539" hits="0"/>
						<line number="540" hits="0" branch="true" condition-coverage="0% (0/2)" missing-branches="541,542"/>
						<line number="541" hits="0"/>
						<line number="542" hits="0"/>
						<line number="545" hits="1"/>
						<line number="547" hits="0"/>
						<line number="565" hits="1"/>
						<line number="567" hits="0"/>
						<line number="588" hits="1"/>
						<line number="599" hits="0"/>
						<line number="611" hits="0"/>
						<line number="612" hits="0"/>
						<line number="615" hits="1"/>
						<line number="617" hits="0"/>
						<line number="618" hits="0" branch="true" condition-coverage="0% (0/2)" missing-branches="619,620"/>
						<line number="619" hits="0"/>
						<line number="620" hits="0"/>
						<line number="621" hits="0"/>
						<line number="622" hits="0" branch="true" condition-coverage="0% (0/2)" missing-branches="623,625"/>
						<line number="623" hits="0" branch="true" condition-coverage="0% (0/2)" missing-branches="622,624"/>
						<line number="624" hits="0"/>
						<line number="625" hits="0"/>
						<line number="628" hits="1"/>
						<line number="630" hits="0"/>
						<line number="631" hits="0"/>
						<line number="632" hits="0"/>
						<line number="633" hits="0"/>
						<line number="634" hits="0"/>
						<line number="635" hits="0" branch="true" condition-coverage="0% (0/2)" missing-branches="636,639"/>
						<line number="636" hits="0"/>
						<line number="637" hits="0"/>
						<line number="638" hits="0"/>
						<line number="639" hits="0" branch="true" condition-coverage="0% (0/2)" missing-branches="640,641"/>
						<line number="640" hits="0"/>
						<line number="641" hits="0"/>
						<line number="644" hits="1"/>
						<line number="646" hits="0"/>
						<line number="647" hits="0"/>
						<line number="648" hits="0"/>
						<line number="649" hits="0"/>
						<line number="650" hits="0"/>
						<line number="651" hits="0" branch="true" condition-coverage="0% (0/2)" missing-branches="652,654"/>
						<line number="652" hits="0"/>
						<line number="654" hits="0"/>
						<line number="655" hits="0"/>
						<line number="656" hits="0" branch="true" condition-coverage="0% (0/2)" missing-branches="657,660"/>
						<line number="657" hits="0"/>
						<line number="660" hits="0"/>
						<line number="663" hits="1"/>
						<line number="665" hits="0" branch="true" condition-coverage="0% (0/2)" missing-branches="666,667"/>
						<line number="666" hits="0"/>
						<line number="667" hits="0"/>
						<line number="670" hits="1"/>
						<line number="672" hits="0"/>
						<line number="673" hits="0"/>
						<line number="674" hits="0"/>
						<line number="675" hits="0"/>
						<line number="676" hits="0"/>
						<line number="681" hits="1"/>
						<line number="682" hits="1"/>
						<line number="701" hits="0"/>
						<line number="702" hits="0"/>
						<line number="707" hits="0"/>
						<line number="708" hits="0"/>
						<line number="709" hits="0"/>
						<line number="710" hits="0" branch="true" condition-coverage="0% (0/2)" missing-branches="exit,711"/>
						<line number="711" hits="0"/>
						<line number="712" hits="0"/>
						<line number="713" hits="0"/>
						<line number="714" hits="0"/>
						<line number="715" hits="0"/>
						<line number="716" hits="0"/>
						<line number="717" hits="0"/>
						<line number="720" hits="1"/>
						<line number="721" hits="1"/>
						<line number="753" hits="0"/>
						<line number="754" hits="0"/>
						<line number="762" hits="0"/>
						<line number="765" hits="0"/>
						<line number="773" hits="0"/>
						<line number="774" hits="0"/>
						<line number="791" hits="0"/>
						<line number="794" hits="0" branch="true" condition-coverage="0% (0/2)" missing-branches="exit,795"/>
						<line number="795" hits="0"/>
						<line number="796" hits="0" branch="true" condition-coverage="0% (0/2)" missing-branches="exit,797"/>
						<line number="797" hits="0"/>
						<line number="799" hits="0"/>
						<line number="800" hits="0"/>
						<line number="803" hits="0"/>
						<line number="804" hits="0"/>
						<line number="805" hits="0"/>
						<line number="806" hits="0"/>
						<line number="809" hits="1"/>
						<line number="810" hits="1"/>
						<line number="850" hits="0"/>
						<line number="851" hits="0"/>
						<line number="860" hits="0"/>
						<line number="863" hits="0"/>
						<line number="866" hits="0"/>
						<line number="869" hits="0"/>
						<line number="879" hits="0"/>
						<line number="880" hits="0"/>
						<line number="897" hits="0"/>
						<line number="900" hits="0" branch="true" condition-coverage="0% (0/2)" missing-branches="exit,901"/>
						<line number="901" hits="0"/>
						<line number="902" hits="0" branch="true" condition-coverage="0% (0/2)" missing-branches="exit,903"/>
						<line number="903" hits="0"/>
						<line number="905" hits="0"/>
						<line number="906" hits="0"/>
						<line number="907" hits="0"/>
						<line number="908" hits="0"/>
						<line number="909" hits="0"/>
						<line number="910" hits="0"/>
						<line number="913" hits="1"/>
						<line number="914" hits="1"/>
						<line number="971" hits="0"/>
						<line number="972" hits="0"/>
						<line number="983" hits="0"/>
						<line number="984" hits="0"/>
						<line number="985" hits="0" branch="true" condition-coverage="0% (0/2)" missing-branches="986,987"/>
						<line number="986" hits="0"/>
						<line number="987" hits="0"/>
						<line number="990" hits="0"/>
						<line number="991" hits="0" branch="true" condition-coverage="0% (0/2)" missing-branches="992,995"/>
						<line number="992" hits="0"/>
						<line number="995" hits="0"/>
						<line number="999" hits="0"/>
						<line number="1000" hits="0"/>
						<line number="1010" hits="0"/>
						<line number="1011" hits="0"/>
						<line number="1029" hits="0"/>
						<line number="1031" hits="0" branch="true" condition-coverage="0% (0/2)" missing-branches="exit,1032"/>
						<line number="1032" hits="0"/>
						<line number="1033" hits="0" branch="true" condition-coverage="0% (0/2)" missing-branches="exit,1034"/>
						<line number="1034" hits="0"/>
						<line number="1035" hits="0"/>
						<line number="1036" hits="0"/>
						<line number="1037" hits="0"/>
						<line number="1038" hits="0"/>
						<line number="1039" hits="0"/>
						<line number="1040" hits="0"/>
						<line number="1041" hits="0"/>
						<line number="1042" hits="0"/>
						<line number="1043" hits="0"/>
						<line number="1044" hits="0"/>
						<line number="1045" hits="0"/>
						<line number="1046" hits="0"/>
						<line number="1049" hits="1"/>
						<line number="1050" hits="1"/>
						<line number="1126" hits="0"/>
						<line number="1127" hits="0"/>
						<line number="1141" hits="0"/>
						<line number="1142" hits="0"/>
						<line number="1144" hits="0" branch="true" condition-coverage="0% (0/2)" missing-branches="1145,1146"/>
						<line number="1145" hits="0"/>
						<line number="1146" hits="0" branch="true" condition-coverage="0% (0/2)" missing-branches="1147,1153"/>
						<line number="1147" hits="0"/>
						<line number="1149" hits="0"/>
						<line number="1150" hits="0"/>
						<line number="1153" hits="0"/>
						<line number="1157" hits="0"/>
						<line number="1159" hits="0"/>
						<line number="1171" hits="0"/>
						<line number="1172" hits="0"/>
						<line number="1191" hits="0"/>
						<line number="1193" hits="0" branch="true" condition-coverage="0% (0/2)" missing-branches="exit,1194"/>
						<line number="1194" hits="0"/>
						<line number="1195" hits="0" branch="true" condition-coverage="0% (0/2)" missing-branches="exit,1196"/>
						<line number="1196" hits="0"/>
						<line number="1198" hits="0"/>
						<line number="1199" hits="0"/>
						<line number="1200" hits="0"/>
						<line number="1201" hits="0"/>
						<line number="1202" hits="0"/>
						<line number="1203" hits="0"/>
						<line number="1204" hits="0"/>
						<line number="1205" hits="0"/>
						<line number="1206" hits="0"/>
						<line number="1209" hits="1"/>
						<line number="1210" hits="1"/>
						<line number="1235" hits="0"/>
						<line number="1236" hits="0"/>
						<line number="1241" hits="0"/>
						<line number="1242" hits="0"/>
						<line number="1243" hits="0"/>
						<line number="1244" hits="0"/>
						<line number="1260" hits="0"/>
						<line number="1262" hits="0" branch="true" condition-coverage="0% (0/2)" missing-branches="exit,1263"/>
						<line number="1263" hits="0"/>
						<line number="1264" hits="0" branch="true" condition-coverage="0% (0/2)" missing-branches="exit,1265"/>
						<line number="1265" hits="0"/>
						<line number="1266" hits="0"/>
						<line number="1267" hits="0"/>
						<line number="1268" hits="0"/>
						<line number="1269" hits="0"/>
						<line number="1270" hits="0"/>
						<line number="1271" hits="0"/>
						<line number="1272" hits="0"/>
						<line number="1273" hits="0"/>
						<line number="1274" hits="0"/>
						<line number="1277" hits="1"/>
						<line number="1278" hits="1"/>
						<line number="1335" hits="0"/>
						<line number="1336" hits="0"/>
						<line number="1347" hits="0"/>
						<line number="1348" hits="0"/>
						<line number="1349" hits="0" branch="true" condition-coverage="0% (0/2)" missing-branches="1350,1353"/>
						<line number="1350" hits="0"/>
						<line number="1353" hits="0"/>
						<line number="1356" hits="0"/>
						<line number="1357" hits="0" branch="true" condition-coverage="0% (0/2)" missing-branches="1358,1359"/>
						<line number="1358" hits="0"/>
						<line number="1359" hits="0"/>
						<line number="1361" hits="0"/>
						<line number="1362" hits="0"/>
						<line number="1372" hits="0"/>
						<line number="1373" hits="0"/>
						<line number="1391" hits="0"/>
						<line number="1393" hits="0" branch="true" condition-coverage="0% (0/2)" missing-branches="exit,1394"/>
						<line number="1394" hits="0"/>
						<line number="1395" hits="0" branch="true" condition-coverage="0% (0/2)" missing-branches="exit,1396"/>
						<line number="1396" hits="0"/>
						<line number="1397" hits="0"/>
						<line number="1398" hits="0"/>
						<line number="1399" hits="0"/>
						<line number="1400" hits="0"/>
						<line number="1401" hits="0"/>
						<line number="1402" hits="0"/>
						<line number="1403" hits="0"/>
						<line number="1404" hits="0"/>
						<line number="1405" hits="0"/>
						<line number="1406" hits="0"/>
						<line number="1407" hits="0"/>
						<line number="1408" hits="0"/>
						<line number="1411" hits="1"/>
						<line number="1412" hits="1"/>
						<line number="1472" hits="0"/>
						<line number="1473" hits="0"/>
						<line number="1485" hits="0"/>
						<line number="1486" hits="0"/>
						<line number="1487" hits="0"/>
						<line number="1488" hits="0" branch="true" condition-coverage="0% (0/2)" missing-branches="1489,1490"/>
						<line number="1489" hits="0"/>
						<line number="1490" hits="0"/>
						<line number="1492" hits="0" branch="true" condition-coverage="0% (0/2)" missing-branches="1493,1494"/>
						<line number="1493" hits="0"/>
						<line number="1494" hits="0" branch="true" condition-coverage="0% (0/2)" missing-branches="1495,1497"/>
						<line number="1495" hits="0"/>
						<line number="1497" hits="0"/>
						<line number="1499" hits="0"/>
						<line number="1510" hits="0"/>
						<line number="1511" hits="0"/>
						<line number="1520" hits="0"/>
						<line number="1522" hits="0" branch="true" condition-coverage="0% (0/2)" missing-branches="exit,1523"/>
						<line number="1523" hits="0"/>
						<line number="1524" hits="0" branch="true" condition-coverage="0% (0/2)" missing-branches="exit,1525"/>
						<line number="1525" hits="0"/>
						<line number="1526" hits="0"/>
						<line number="1527" hits="0"/>
						<line number="1528" hits="0"/>
						<line number="1529" hits="0"/>
						<line number="1530" hits="0"/>
						<line number="1531" hits="0"/>
						<line number="1532" hits="0"/>
						<line number="1533" hits="0"/>
						<line number="1534" hits="0"/>
						<line number="1535" hits="0"/>
						<line number="1536" hits="0"/>
						<line number="1537" hits="0"/>
						<line number="1540" hits="1"/>
						<line number="1541" hits="1"/>
						<line number="1564" hits="0"/>
						<line number="1565" hits="0"/>
						<line number="1569" hits="0"/>
						<line number="1570" hits="0" branch="true" condition-coverage="0% (0/2)" missing-branches="1571,1572"/>
						<line number="1571" hits="0"/>
						<line number="1572" hits="0"/>
						<line number="1574" hits="0"/>
						<line number="1575" hits="0" branch="true" condition-coverage="0% (0/2)" missing-branches="1576,1577"/>
						<line number="1576" hits="0"/>
						<line number="1577" hits="0"/>
						<line number="1579" hits="0"/>
						<line number="1580" hits="0"/>
						<line number="1581" hits="0" branch="true" condition-coverage="0% (0/2)" missing-branches="1582,1606"/>
						<line number="1582" hits="0" branch="true" condition-coverage="0% (0/2)" missing-branches="1583,1584"/>
						<line number="1583" hits="0"/>
						<line number="1584" hits="0"/>
						<line number="1585" hits="0" branch="true" condition-coverage="0% (0/2)" missing-branches="1586,1587"/>
						<line number="1586" hits="0"/>
						<line number="1587" hits="0" branch="true" condition-coverage="0% (0/2)" missing-branches="1588,1590"/>
						<line number="1588" hits="0"/>
						<line number="1590" hits="0"/>
						<line number="1591" hits="0"/>
						<line number="1592" hits="0"/>
						<line number="1593" hits="0"/>
						<line number="1594" hits="0" branch="true" condition-coverage="0% (0/2)" missing-branches="1595,1597"/>
						<line number="1595" hits="0"/>
						<line number="1597" hits="0"/>
						<line number="1604" hits="0"/>
						<line number="1606" hits="0"/>
						<line number="1607" hits="0" branch="true" condition-coverage="0% (0/2)" missing-branches="1608,1612"/>
						<line number="1608" hits="0"/>
						<line number="1612" hits="0"/>
						<line number="1617" hits="0"/>
						<line number="1618" hits="0"/>
						<line number="1619" hits="0"/>
						<line number="1623" hits="0"/>
						<line number="1633" hits="0"/>
						<line number="1634" hits="0"/>
						<line number="1635" hits="0" branch="true" condition-coverage="0% (0/2)" missing-branches="1636,1638"/>
						<line number="1636" hits="0"/>
						<line number="1638" hits="0"/>
						<line number="1639" hits="0"/>
						<line number="1640" hits="0"/>
						<line number="1647" hits="0"/>
						<line number="1657" hits="0"/>
						<line number="1659" hits="0" branch="true" condition-coverage="0% (0/2)" missing-branches="exit,1660"/>
						<line number="1660" hits="0"/>
						<line number="1661" hits="0" branch="true" condition-coverage="0% (0/2)" missing-branches="exit,1662"/>
						<line number="1662" hits="0"/>
						<line number="1663" hits="0"/>
						<line number="1664" hits="0"/>
						<line number="1665" hits="0"/>
						<line number="1666" hits="0"/>
						<line number="1667" hits="0"/>
						<line number="1668" hits="0"/>
						<line number="1669" hits="0"/>
						<line number="1670" hits="0"/>
						<line number="1671" hits="0"/>
						<line number="1672" hits="0"/>
						<line number="1673" hits="0"/>
						<line number="1674" hits="0"/>
						<line number="1677" hits="1"/>
						<line number="1681" hits="0"/>
						<line number="1682" hits="0"/>
						<line number="1685" hits="1"/>
						<line number="1686" hits="1"/>
						<line number="1732" hits="0"/>
						<line number="1733" hits="0"/>
						<line number="1743" hits="0"/>
						<line number="1744" hits="0"/>
						<line number="1745" hits="0" branch="true" condition-coverage="0% (0/2)" missing-branches="1746,1747"/>
						<line number="1746" hits="0"/>
						<line number="1747" hits="0"/>
						<line number="1748" hits="0" branch="true" condition-coverage="0% (0/2)" missing-branches="1749,1751"/>
						<line number="1749" hits="0"/>
						<line number="1751" hits="0"/>
						<line number="1752" hits="0"/>
						<line number="1753" hits="0"/>
						<line number="1764" hits="0" branch="true" condition-coverage="0% (0/2)" missing-branches="1765,1767"/>
						<line number="1765" hits="0"/>
						<line number="1767" hits="0"/>
						<line number="1768" hits="0"/>
						<line number="1778" hits="0"/>
						<line number="1780" hits="0" branch="true" condition-coverage="0% (0/2)" missing-branches="exit,1781"/>
						<line number="1781" hits="0"/>
						<line number="1782" hits="0" branch="true" condition-coverage="0% (0/2)" missing-branches="exit,1783"/>
						<line number="1783" hits="0"/>
						<line number="1784" hits="0"/>
						<line number="1785" hits="0"/>
						<line number="1786" hits="0"/>
						<line number="1787" hits="0"/>
						<line number="1788" hits="0"/>
						<line number="1789" hits="0"/>
						<line number="1790" hits="0"/>
						<line number="1791" hits="0"/>
						<line number="1792" hits="0"/>
						<line number="1793" hits="0"/>
						<line number="1794" hits="0"/>
						<line number="1795" hits="0"/>
						<line number="1798" hits="1"/>
						<line number="1799" hits="1"/>
						<line number="1853" hits="0"/>
						<line number="1854" hits="0"/>
						<line number="1862" hits="0"/>
						<line number="1863" hits="0"/>
						<line number="1865" hits="0" branch="true" condition-coverage="0% (0/2)" missing-branches="1866,1869"/>
						<line number="1866" hits="0"/>
						<line number="1867" hits="0"/>
						<line number="1869" hits="0"/>
						<line number="1872" hits="0"/>
						<line number="1873" hits="0" branch="true" condition-coverage="0% (0/2)" missing-branches="1874,1881"/>
						<line number="1874" hits="0"/>
						<line number="1878" hits="0"/>
						<line number="1881" hits="0"/>
						<line number="1882" hits="0"/>
						<line number="1884" hits="0" branch="true" condition-coverage="0% (0/2)" missing-branches="1885,1914"/>
						<line number="1885" hits="0"/>
						<line number="1886" hits="0"/>
						<line number="1887" hits="0" branch="true" condition-coverage="0% (0/2)" missing-branches="1888,1891"/>
						<line number="1888" hits="0"/>
						<line number="1891" hits="0"/>
						<line number="1894" hits="0"/>
						<line number="1895" hits="0"/>
						<line number="1896" hits="0"/>
						<line number="1898" hits="0"/>
						<line number="1900" hits="0"/>
						<line number="1903" hits="0"/>
						<line number="1911" hits="0"/>
						<line number="1914" hits="0"/>
						<line number="1917" hits="0"/>
						<line number="1927" hits="0"/>
						<line number="1928" hits="0"/>
						<line number="1938" hits="0"/>
						<line number="1941" hits="0" branch="true" condition-coverage="0% (0/2)" missing-branches="exit,1942"/>
						<line number="1942" hits="0"/>
						<line number="1943" hits="0" branch="true" condition-coverage="0% (0/2)" missing-branches="exit,1944"/>
						<line number="1944" hits="0"/>
						<line number="1946" hits="0"/>
						<line number="1947" hits="0"/>
						<line number="1948" hits="0"/>
						<line number="1949" hits="0"/>
						<line number="1950" hits="0"/>
						<line number="1951" hits="0"/>
						<line number="1952" hits="0"/>
						<line number="1953" hits="0"/>
						<line number="1954" hits="0"/>
						<line number="1957" hits="1"/>
						<line number="1958" hits="1"/>
						<line number="2009" hits="0"/>
						<line number="2010" hits="0"/>
						<line number="2019" hits="0"/>
						<line number="2020" hits="0" branch="true" condition-coverage="0% (0/2)" missing-branches="2021,2028"/>
						<line number="2021" hits="0"/>
						<line number="2025" hits="0"/>
						<line number="2028" hits="0"/>
						<line number="2029" hits="0"/>
						<line number="2031" hits="0" branch="true" condition-coverage="0% (0/2)" missing-branches="2032,2035"/>
						<line number="2032" hits="0"/>
						<line number="2033" hits="0"/>
						<line number="2035" hits="0"/>
						<line number="2038" hits="0"/>
						<line number="2039" hits="0" branch="true" condition-coverage="0% (0/2)" missing-branches="2040,2047"/>
						<line number="2040" hits="0"/>
						<line number="2044" hits="0"/>
						<line number="2047" hits="0"/>
						<line number="2048" hits="0"/>
						<line number="2050" hits="0" branch="true" condition-coverage="0% (0/2)" missing-branches="2051,2080"/>
						<line number="2051" hits="0"/>
						<line number="2052" hits="0"/>
						<line number="2053" hits="0" branch="true" condition-coverage="0% (0/2)" missing-branches="2054,2057"/>
						<line number="2054" hits="0"/>
						<line number="2057" hits="0"/>
						<line number="2060" hits="0"/>
						<line number="2061" hits="0"/>
						<line number="2062" hits="0"/>
						<line number="2064" hits="0"/>
						<line number="2066" hits="0"/>
						<line number="2069" hits="0"/>
						<line number="2077" hits="0"/>
						<line number="2080" hits="0"/>
						<line number="2083" hits="0"/>
						<line number="2094" hits="0"/>
						<line number="2095" hits="0"/>
						<line number="2106" hits="0"/>
						<line number="2109" hits="0" branch="true" condition-coverage="0% (0/2)" missing-branches="exit,2110"/>
						<line number="2110" hits="0"/>
						<line number="2111" hits="0" branch="true" condition-coverage="0% (0/2)" missing-branches="exit,2112"/>
						<line number="2112" hits="0"/>
						<line number="2114" hits="0"/>
						<line number="2115" hits="0"/>
						<line number="2116" hits="0"/>
						<line number="2117" hits="0"/>
						<line number="2118" hits="0"/>
						<line number="2119" hits="0"/>
						<line number="2120" hits="0"/>
						<line number="2121" hits="0"/>
						<line number="2122" hits="0"/>
						<line number="2125" hits="1"/>
						<line number="2126" hits="1"/>
						<line number="2183" hits="0"/>
						<line number="2184" hits="0"/>
						<line number="2194" hits="0"/>
						<line number="2195" hits="0"/>
						<line number="2198" hits="0"/>
						<line number="2199" hits="0" branch="true" condition-coverage="0% (0/2)" missing-branches="2200,2203"/>
						<line number="2200" hits="0"/>
						<line number="2201" hits="0"/>
						<line number="2203" hits="0"/>
						<line number="2206" hits="0" branch="true" condition-coverage="0% (0/2)" missing-branches="2208,2228"/>
						<line number="2208" hits="0"/>
						<line number="2211" hits="0"/>
						<line number="2212" hits="0"/>
						<line number="2216" hits="0"/>
						<line number="2225" hits="0"/>
						<line number="2228" hits="0"/>
						<line number="2235" hits="0"/>
						<line number="2236" hits="0"/>
						<line number="2247" hits="0"/>
						<line number="2250" hits="0" branch="true" condition-coverage="0% (0/2)" missing-branches="exit,2251"/>
						<line number="2251" hits="0"/>
						<line number="2252" hits="0" branch="true" condition-coverage="0% (0/2)" missing-branches="exit,2253"/>
						<line number="2253" hits="0"/>
						<line number="2255" hits="0"/>
						<line number="2256" hits="0"/>
						<line number="2257" hits="0"/>
						<line number="2258" hits="0"/>
						<line number="2259" hits="0"/>
						<line number="2260" hits="0"/>
						<line number="2261" hits="0"/>
						<line number="2262" hits="0"/>
						<line number="2263" hits="0"/>
						<line number="2266" hits="1"/>
						<line number="2267" hits="1"/>
						<line number="2290" hits="0"/>
						<line number="2291" hits="0"/>
						<line number="2296" hits="0"/>
						<line number="2303" hits="0"/>
						<line number="2313" hits="0"/>
						<line number="2318" hits="0"/>
						<line number="2323" hits="0"/>
						<line number="2325" hits="0" branch="true" condition-coverage="0% (0/2)" missing-branches="exit,2326"/>
						<line number="2326" hits="0"/>
						<line number="2327" hits="0" branch="true" condition-coverage="0% (0/2)" missing-branches="exit,2328"/>
						<line number="2328" hits="0"/>
						<line number="2330" hits="0"/>
						<line number="2331" hits="0"/>
						<line number="2332" hits="0"/>
						<line number="2333" hits="0"/>
						<line number="2334" hits="0"/>
						<line number="2335" hits="0"/>
						<line number="2336" hits="0"/>
						<line number="2337" hits="0"/>
						<line number="2338" hits="0"/>
						<line number="2341" hits="1"/>
						<line number="2342" hits="1"/>
						<line number="2356" hits="0"/>
						<line number="2357" hits="0"/>
						<line number="2362" hits="0"/>
						<line number="2366" hits="0"/>
						<line number="2367" hits="0" branch="true" condition-coverage="0% (0/2)" missing-branches="2368,2369"/>
						<line number="2368" hits="0"/>
						<line number="2369" hits="0" branch="true" condition-coverage="0% (0/2)" missing-branches="2370,2372"/>
						<line number="2370" hits="0"/>
						<line number="2372" hits="0"/>
						<line number="2373" hits="0" branch="true" condition-coverage="0% (0/2)" missing-branches="2374,2376"/>
						<line number="2374" hits="0"/>
						<line number="2376" hits="0"/>
						<line number="2382" hits="0"/>
						<line number="2387" hits="0"/>
						<line number="2392" hits="0"/>
						<line number="2394" hits="0" branch="true" condition-coverage="0% (0/2)" missing-branches="exit,2395"/>
						<line number="2395" hits="0"/>
						<line number="2396" hits="0" branch="true" condition-coverage="0% (0/2)" missing-branches="exit,2397"/>
						<line number="2397" hits="0"/>
						<line number="2399" hits="0"/>
						<line number="2400" hits="0"/>
						<line number="2401" hits="0"/>
						<line number="2402" hits="0"/>
						<line number="2403" hits="0"/>
						<line number="2404" hits="0"/>
						<line number="2405" hits="0"/>
						<line number="2406" hits="0"/>
						<line number="2407" hits="0"/>
						<line number="2410" hits="1"/>
						<line number="2411" hits="1"/>
						<line number="2428" hits="0"/>
						<line number="2429" hits="0"/>
						<line number="2434" hits="0"/>
						<line number="2438" hits="0"/>
						<line number="2439" hits="0" branch="true" condition-coverage="0% (0/2)" missing-branches="2440,2443"/>
						<line number="2440" hits="0"/>
						<line number="2443" hits="0" branch="true" condition-coverage="0% (0/2)" missing-branches="2444,2446"/>
						<line number="2444" hits="0"/>
						<line number="2446" hits="0"/>
						<line number="2447" hits="0" branch="true" condition-coverage="0% (0/2)" missing-branches="2448,2450"/>
						<line number="2448" hits="0"/>
						<line number="2450" hits="0"/>
						<line number="2451" hits="0" branch="true" condition-coverage="0% (0/2)" missing-branches="2452,2456"/>
						<line number="2452" hits="0"/>
						<line number="2456" hits="0"/>
						<line number="2466" hits="0"/>
						<line number="2471" hits="0"/>
						<line number="2478" hits="0"/>
						<line number="2480" hits="0" branch="true" condition-coverage="0% (0/2)" missing-branches="exit,2481"/>
						<line number="2481" hits="0"/>
						<line number="2482" hits="0" branch="true" condition-coverage="0% (0/2)" missing-branches="exit,2483"/>
						<line number="2483" hits="0"/>
						<line number="2485" hits="0"/>
						<line number="2486" hits="0"/>
						<line number="2487" hits="0"/>
						<line number="2488" hits="0"/>
						<line number="2489" hits="0"/>
						<line number="2490" hits="0"/>
						<line number="2491" hits="0"/>
						<line number="2492" hits="0"/>
						<line number="2493" hits="0"/>
						<line number="2496" hits="1"/>
						<line number="2497" hits="1"/>
						<line number="2511" hits="0"/>
						<line number="2512" hits="0"/>
						<line number="2517" hits="0"/>
						<line number="2522" hits="0"/>
						<line number="2552" hits="0"/>
						<line number="2557" hits="0"/>
						<line number="2562" hits="0"/>
						<line number="2564" hits="0" branch="true" condition-coverage="0% (0/2)" missing-branches="exit,2565"/>
						<line number="2565" hits="0"/>
						<line number="2566" hits="0" branch="true" condition-coverage="0% (0/2)" missing-branches="exit,2567"/>
						<line number="2567" hits="0"/>
						<line number="2569" hits="0"/>
						<line number="2570" hits="0"/>
						<line number="2571" hits="0"/>
						<line number="2572" hits="0"/>
						<line number="2573" hits="0"/>
						<line number="2574" hits="0"/>
						<line number="2575" hits="0"/>
						<line number="2576" hits="0"/>
						<line number="2577" hits="0"/>
						<line number="2580" hits="1"/>
						<line number="2581" hits="1"/>
						<line number="2604" hits="0"/>
						<line number="2605" hits="0"/>
						<line number="2610" hits="0"/>
						<line number="2617" hits="0"/>
						<line number="2627" hits="0"/>
						<line number="2628" hits="0" branch="true" condition-coverage="0% (0/2)" missing-branches="2629,2633"/>
						<line number="2629" hits="0" branch="true" condition-coverage="0% (0/2)" missing-branches="exit,2630"/>
						<line number="2630" hits="0"/>
						<line number="2631" hits="0"/>
						<line number="2633" hits="0" branch="true" condition-coverage="0% (0/2)" missing-branches="2634,2635"/>
						<line number="2634" hits="0"/>
						<line number="2635" hits="0"/>
						<line number="2646" hits="0"/>
						<line number="2647" hits="0"/>
						<line number="2648" hits="0"/>
						<line number="2649" hits="0"/>
						<line number="2650" hits="0"/>
						<line number="2651" hits="0"/>
						<line number="2652" hits="0"/>
						<line number="2653" hits="0"/>
						<line number="2654" hits="0"/>
						<line number="2657" hits="1"/>
						<line number="2658" hits="1"/>
						<line number="2681" hits="0"/>
						<line number="2682" hits="0"/>
						<line number="2687" hits="0"/>
						<line number="2688" hits="0"/>
						<line number="2689" hits="0" branch="true" condition-coverage="0% (0/2)" missing-branches="2690,2694"/>
						<line number="2690" hits="0" branch="true" condition-coverage="0% (0/2)" missing-branches="exit,2691"/>
						<line number="2691" hits="0"/>
						<line number="2692" hits="0"/>
						<line number="2694" hits="0" branch="true" condition-coverage="0% (0/2)" missing-branches="2695,2696"/>
						<line number="2695" hits="0"/>
						<line number="2696" hits="0"/>
						<line number="2707" hits="0"/>
						<line number="2708" hits="0"/>
						<line number="2709" hits="0"/>
						<line number="2710" hits="0"/>
						<line number="2711" hits="0"/>
						<line number="2712" hits="0"/>
						<line number="2713" hits="0"/>
						<line number="2714" hits="0"/>
						<line number="2715" hits="0"/>
						<line number="2718" hits="1"/>
						<line number="2719" hits="1"/>
						<line number="2742" hits="0"/>
						<line number="2743" hits="0"/>
						<line number="2748" hits="0"/>
						<line number="2749" hits="0"/>
						<line number="2750" hits="0"/>
						<line number="2751" hits="0" branch="true" condition-coverage="0% (0/2)" missing-branches="2752,2756"/>
						<line number="2752" hits="0" branch="true" condition-coverage="0% (0/2)" missing-branches="exit,2753"/>
						<line number="2753" hits="0"/>
						<line number="2754" hits="0"/>
						<line number="2756" hits="0" branch="true" condition-coverage="0% (0/2)" missing-branches="2757,2758"/>
						<line number="2757" hits="0"/>
						<line number="2758" hits="0"/>
						<line number="2769" hits="0"/>
						<line number="2770" hits="0"/>
						<line number="2771" hits="0"/>
						<line number="2772" hits="0"/>
						<line number="2773" hits="0"/>
						<line number="2774" hits="0"/>
						<line number="2775" hits="0"/>
						<line number="2776" hits="0"/>
						<line number="2777" hits="0"/>
						<line number="2780" hits="1"/>
						<line number="2781" hits="1"/>
						<line number="2804" hits="0"/>
						<line number="2805" hits="0"/>
						<line number="2810" hits="0"/>
						<line number="2811" hits="0" branch="true" condition-coverage="0% (0/2)" missing-branches="2812,2816"/>
						<line number="2812" hits="0"/>
						<line number="2816" hits="0" branch="true" condition-coverage="0% (0/2)" missing-branches="2817,2824"/>
						<line number="2817" hits="0"/>
						<line number="2824" hits="0"/>
						<line number="2826" hits="0" branch="true" condition-coverage="0% (0/2)" missing-branches="2827,2831"/>
						<line number="2827" hits="0" branch="true" condition-coverage="0% (0/2)" missing-branches="exit,2828"/>
						<line number="2828" hits="0"/>
						<line number="2829" hits="0"/>
						<line number="2831" hits="0" branch="true" condition-coverage="0% (0/2)" missing-branches="2832,2833"/>
						<line number="2832" hits="0"/>
						<line number="2833" hits="0"/>
						<line number="2844" hits="0"/>
						<line number="2845" hits="0"/>
						<line number="2846" hits="0"/>
						<line number="2847" hits="0"/>
						<line number="2848" hits="0"/>
						<line number="2849" hits="0"/>
						<line number="2850" hits="0"/>
						<line number="2851" hits="0"/>
						<line number="2852" hits="0"/>
						<line number="2855" hits="1"/>
						<line number="2856" hits="1"/>
						<line number="2879" hits="0"/>
						<line number="2880" hits="0"/>
						<line number="2885" hits="0"/>
						<line number="2886" hits="0"/>
						<line number="2887" hits="0"/>
						<line number="2890" hits="0" branch="true" condition-coverage="0% (0/2)" missing-branches="2891,2895"/>
						<line number="2891" hits="0" branch="true" condition-coverage="0% (0/2)" missing-branches="exit,2892"/>
						<line number="2892" hits="0"/>
						<line number="2893" hits="0"/>
						<line number="2895" hits="0" branch="true" condition-coverage="0% (0/2)" missing-branches="2896,2897"/>
						<line number="2896" hits="0"/>
						<line number="2897" hits="0"/>
						<line number="2908" hits="0"/>
						<line number="2909" hits="0"/>
						<line number="2910" hits="0"/>
						<line number="2911" hits="0"/>
						<line number="2912" hits="0"/>
						<line number="2913" hits="0"/>
						<line number="2914" hits="0"/>
						<line number="2915" hits="0"/>
						<line number="2916" hits="0"/>
						<line number="2919" hits="1"/>
						<line number="2920" hits="1"/>
						<line number="2943" hits="0"/>
						<line number="2944" hits="0"/>
						<line number="2949" hits="0"/>
						<line number="2950" hits="0"/>
						<line number="2951" hits="0"/>
						<line number="2952" hits="0"/>
						<line number="2956" hits="0"/>
						<line number="2960" hits="0"/>
						<line number="2961" hits="0" branch="true" condition-coverage="0% (0/2)" missing-branches="exit,2962"/>
						<line number="2962" hits="0"/>
						<line number="2963" hits="0" branch="true" condition-coverage="0% (0/2)" missing-branches="exit,2964"/>
						<line number="2964" hits="0"/>
						<line number="2965" hits="0"/>
						<line number="2966" hits="0"/>
						<line number="2967" hits="0"/>
						<line number="2968" hits="0"/>
						<line number="2969" hits="0"/>
						<line number="2970" hits="0"/>
						<line number="2971" hits="0"/>
						<line number="2972" hits="0"/>
						<line number="2973" hits="0"/>
						<line number="2976" hits="1"/>
						<line number="2977" hits="1"/>
						<line number="3000" hits="0"/>
						<line number="3001" hits="0"/>
						<line number="3006" hits="0"/>
						<line number="3007" hits="0"/>
						<line number="3008" hits="0"/>
						<line number="3012" hits="0"/>
						<line number="3016" hits="0"/>
						<line number="3017" hits="0" branch="true" condition-coverage="0% (0/2)" missing-branches="exit,3018"/>
						<line number="3018" hits="0"/>
						<line number="3019" hits="0" branch="true" condition-coverage="0% (0/2)" missing-branches="exit,3020"/>
						<line number="3020" hits="0"/>
						<line number="3021" hits="0"/>
						<line number="3022" hits="0"/>
						<line number="3023" hits="0"/>
						<line number="3024" hits="0"/>
						<line number="3025" hits="0"/>
						<line number="3026" hits="0"/>
						<line number="3027" hits="0"/>
						<line number="3028" hits="0"/>
						<line number="3029" hits="0"/>
					</lines>
				</class>
				<class name="clinical_trials.py" filename="clinical_trials.py" complexity="0" line-rate="0" branch-rate="0">
					<methods/>
					<lines>
						<line number="16" hits="0"/>
						<line number="17" hits="0"/>
						<line number="18" hits="0"/>
						<line number="20" hits="0"/>
						<line number="21" hits="0"/>
						<line number="22" hits="0"/>
						<line number="23" hits="0"/>
						<line number="25" hits="0"/>
						<line number="28" hits="0"/>
						<line number="31" hits="0"/>
						<line number="32" hits="0"/>
						<line number="33" hits="0"/>
						<line number="34" hits="0"/>
						<line number="35" hits="0"/>
						<line number="36" hits="0"/>
						<line number="39" hits="0"/>
						<line number="42" hits="0"/>
						<line number="43" hits="0"/>
						<line number="44" hits="0"/>
						<line number="45" hits="0"/>
						<line number="46" hits="0"/>
						<line number="47" hits="0"/>
						<line number="48" hits="0"/>
						<line number="51" hits="0"/>
						<line number="54" hits="0"/>
						<line number="55" hits="0"/>
						<line number="56" hits="0"/>
						<line number="57" hits="0"/>
						<line number="58" hits="0"/>
						<line number="61" hits="0"/>
						<line number="62" hits="0"/>
						<line number="65" hits="0"/>
						<line number="66" hits="0"/>
						<line number="67" hits="0"/>
						<line number="68" hits="0"/>
						<line number="69" hits="0"/>
						<line number="70" hits="0"/>
						<line number="71" hits="0"/>
						<line number="72" hits="0"/>
						<line number="73" hits="0"/>
						<line number="74" hits="0"/>
						<line number="75" hits="0"/>
						<line number="76" hits="0"/>
						<line number="79" hits="0"/>
						<line number="80" hits="0"/>
						<line number="81" hits="0"/>
						<line number="82" hits="0"/>
						<line number="85" hits="0"/>
						<line number="86" hits="0"/>
						<line number="89" hits="0"/>
						<line number="90" hits="0"/>
						<line number="91" hits="0"/>
						<line number="94" hits="0"/>
						<line number="95" hits="0"/>
						<line number="98" hits="0"/>
						<line number="99" hits="0"/>
						<line number="100" hits="0"/>
						<line number="101" hits="0"/>
						<line number="102" hits="0"/>
						<line number="105" hits="0"/>
						<line number="106" hits="0"/>
						<line number="107" hits="0"/>
						<line number="108" hits="0"/>
						<line number="111" hits="0"/>
						<line number="112" hits="0"/>
						<line number="113" hits="0"/>
						<line number="116" hits="0"/>
						<line number="125" hits="0"/>
						<line number="132" hits="0"/>
						<line number="133" hits="0"/>
						<line number="137" hits="0"/>
						<line number="152" hits="0"/>
						<line number="155" hits="0"/>
						<line number="156" hits="0"/>
						<line number="161" hits="0"/>
						<line number="164" hits="0"/>
						<line number="167" hits="0"/>
						<line number="171" hits="0"/>
						<line number="173" hits="0"/>
						<line number="193" hits="0"/>
						<line number="196" hits="0"/>
						<line number="199" hits="0"/>
						<line number="202" hits="0"/>
						<line number="205" hits="0"/>
						<line number="208" hits="0"/>
						<line number="209" hits="0"/>
						<line number="210" hits="0"/>
						<line number="213" hits="0"/>
						<line number="215" hits="0"/>
						<line number="234" hits="0"/>
						<line number="239" hits="0"/>
						<line number="240" hits="0"/>
						<line number="241" hits="0"/>
						<line number="243" hits="0"/>
						<line number="245" hits="0" branch="true" condition-coverage="0% (0/2)" missing-branches="246,248"/>
						<line number="246" hits="0"/>
						<line number="248" hits="0"/>
						<line number="250" hits="0"/>
						<line number="256" hits="0"/>
						<line number="261" hits="0"/>
						<line number="262" hits="0"/>
						<line number="265" hits="0"/>
						<line number="268" hits="0"/>
						<line number="269" hits="0"/>
						<line number="271" hits="0"/>
						<line number="274" hits="0"/>
						<line number="276" hits="0"/>
						<line number="279" hits="0"/>
						<line number="283" hits="0"/>
						<line number="287" hits="0"/>
						<line number="290" hits="0"/>
						<line number="291" hits="0"/>
						<line number="294" hits="0"/>
						<line number="302" hits="0"/>
						<line number="309" hits="0"/>
						<line number="310" hits="0"/>
						<line number="314" hits="0"/>
						<line number="328" hits="0"/>
						<line number="331" hits="0"/>
						<line number="332" hits="0" branch="true" condition-coverage="0% (0/2)" missing-branches="334,357"/>
						<line number="334" hits="0"/>
						<line number="339" hits="0"/>
						<line number="344" hits="0"/>
						<line number="346" hits="0"/>
						<line number="357" hits="0"/>
						<line number="359" hits="0"/>
						<line number="366" hits="0"/>
						<line number="380" hits="0" branch="true" condition-coverage="0% (0/2)" missing-branches="381,382"/>
						<line number="381" hits="0"/>
						<line number="382" hits="0" branch="true" condition-coverage="0% (0/2)" missing-branches="383,384"/>
						<line number="383" hits="0"/>
						<line number="384" hits="0" branch="true" condition-coverage="0% (0/2)" missing-branches="385,386"/>
						<line number="385" hits="0"/>
						<line number="386" hits="0"/>
						<line number="388" hits="0"/>
						<line number="390" hits="0"/>
						<line number="391" hits="0"/>
						<line number="393" hits="0" branch="true" condition-coverage="0% (0/2)" missing-branches="395,412"/>
						<line number="395" hits="0"/>
						<line number="396" hits="0"/>
						<line number="397" hits="0"/>
						<line number="400" hits="0"/>
						<line number="402" hits="0"/>
						<line number="412" hits="0"/>
						<line number="414" hits="0"/>
						<line number="420" hits="0"/>
						<line number="424" hits="0"/>
						<line number="425" hits="0"/>
						<line number="427" hits="0" branch="true" condition-coverage="0% (0/2)" missing-branches="429,445"/>
						<line number="429" hits="0"/>
						<line number="430" hits="0"/>
						<line number="431" hits="0"/>
						<line number="434" hits="0"/>
						<line number="436" hits="0"/>
						<line number="445" hits="0"/>
						<line number="447" hits="0"/>
						<line number="453" hits="0"/>
						<line number="459" hits="0"/>
						<line number="466" hits="0"/>
						<line number="470" hits="0"/>
						<line number="477" hits="0"/>
						<line number="481" hits="0"/>
						<line number="483" hits="0" branch="true" condition-coverage="0% (0/2)" missing-branches="485,490"/>
						<line number="485" hits="0"/>
						<line number="488" hits="0"/>
						<line number="490" hits="0"/>
						<line number="492" hits="0"/>
						<line number="497" hits="0"/>
						<line number="498" hits="0"/>
						<line number="501" hits="0"/>
						<line number="505" hits="0"/>
						<line number="510" hits="0" branch="true" condition-coverage="0% (0/2)" missing-branches="511,513"/>
						<line number="511" hits="0"/>
						<line number="513" hits="0"/>
						<line number="516" hits="0"/>
						<line number="518" hits="0"/>
						<line number="520" hits="0" branch="true" condition-coverage="0% (0/2)" missing-branches="521,523"/>
						<line number="521" hits="0"/>
						<line number="523" hits="0"/>
						<line number="526" hits="0"/>
						<line number="528" hits="0"/>
						<line number="531" hits="0"/>
						<line number="533" hits="0"/>
						<line number="535" hits="0" branch="true" condition-coverage="0% (0/2)" missing-branches="536,538"/>
						<line number="536" hits="0"/>
						<line number="538" hits="0"/>
						<line number="539" hits="0"/>
						<line number="540" hits="0"/>
						<line number="541" hits="0"/>
						<line number="544" hits="0"/>
						<line number="552" hits="0"/>
						<line number="559" hits="0"/>
						<line number="560" hits="0"/>
						<line number="561" hits="0"/>
						<line number="563" hits="0"/>
						<line number="577" hits="0"/>
						<line number="580" hits="0"/>
						<line number="584" hits="0"/>
						<line number="587" hits="0" branch="true" condition-coverage="0% (0/2)" missing-branches="591,611"/>
						<line number="591" hits="0"/>
						<line number="594" hits="0"/>
						<line number="597" hits="0" branch="true" condition-coverage="0% (0/2)" missing-branches="601,611"/>
						<line number="601" hits="0"/>
						<line number="602" hits="0" branch="true" condition-coverage="0% (0/2)" missing-branches="603,608"/>
						<line number="603" hits="0"/>
						<line number="608" hits="0"/>
						<line number="611" hits="0"/>
						<line number="614" hits="0"/>
						<line number="617" hits="0"/>
						<line number="618" hits="0"/>
						<line number="620" hits="0"/>
						<line number="622" hits="0"/>
						<line number="637" hits="0"/>
						<line number="640" hits="0"/>
						<line number="641" hits="0"/>
						<line number="642" hits="0"/>
						<line number="645" hits="0"/>
						<line number="648" hits="0"/>
						<line number="649" hits="0"/>
						<line number="650" hits="0"/>
						<line number="651" hits="0"/>
						<line number="653" hits="0" branch="true" condition-coverage="0% (0/2)" missing-branches="654,662"/>
						<line number="654" hits="0"/>
						<line number="662" hits="0"/>
						<line number="663" hits="0"/>
						<line number="665" hits="0" branch="true" condition-coverage="0% (0/2)" missing-branches="666,676"/>
						<line number="666" hits="0"/>
[...]
						<line number="75" hits="0"/>
						<line number="76" hits="0"/>
						<line number="78" hits="0"/>
						<line number="79" hits="0"/>
						<line number="80" hits="0"/>
						<line number="83" hits="0"/>
						<line number="87" hits="0"/>
						<line number="88" hits="0" branch="true" condition-coverage="0% (0/2)" missing-branches="90,98"/>
						<line number="90" hits="0"/>
						<line number="91" hits="0" branch="true" condition-coverage="0% (0/2)" missing-branches="92,97"/>
						<line number="92" hits="0"/>
						<line number="93" hits="0"/>
						<line number="94" hits="0"/>
						<line number="97" hits="0"/>
						<line number="98" hits="0"/>
						<line number="101" hits="0"/>
						<line number="107" hits="0"/>
						<line number="109" hits="0"/>
						<line number="111" hits="0"/>
						<line number="112" hits="0" branch="true" condition-coverage="0% (0/2)" missing-branches="113,153"/>
						<line number="113" hits="0" branch="true" condition-coverage="0% (0/2)" missing-branches="115,150"/>
						<line number="115" hits="0"/>
						<line number="116" hits="0"/>
						<line number="118" hits="0" branch="true" condition-coverage="0% (0/2)" missing-branches="119,148"/>
						<line number="119" hits="0"/>
						<line number="121" hits="0"/>
						<line number="122" hits="0" branch="true" condition-coverage="0% (0/2)" missing-branches="123,130"/>
						<line number="123" hits="0"/>
						<line number="127" hits="0" branch="true" condition-coverage="0% (0/2)" missing-branches="128,133"/>
						<line number="128" hits="0"/>
						<line number="130" hits="0"/>
						<line number="133" hits="0"/>
						<line number="134" hits="0"/>
						<line number="141" hits="0"/>
						<line number="144" hits="0"/>
						<line number="146" hits="0"/>
						<line number="148" hits="0"/>
						<line number="150" hits="0"/>
						<line number="153" hits="0"/>
						<line number="157" hits="0"/>
						<line number="160" hits="0"/>
						<line number="183" hits="0" branch="true" condition-coverage="0% (0/2)" missing-branches="184,187"/>
						<line number="184" hits="0"/>
						<line number="187" hits="0"/>
						<line number="189" hits="0" branch="true" condition-coverage="0% (0/2)" missing-branches="190,193"/>
						<line number="190" hits="0"/>
						<line number="193" hits="0"/>
						<line number="196" hits="0"/>
						<line number="197" hits="0"/>
						<line number="198" hits="0" branch="true" condition-coverage="0% (0/2)" missing-branches="199,211"/>
						<line number="199" hits="0"/>
						<line number="208" hits="0"/>
						<line number="211" hits="0"/>
						<line number="212" hits="0"/>
						<line number="214" hits="0" branch="true" condition-coverage="0% (0/2)" missing-branches="215,220"/>
						<line number="215" hits="0"/>
						<line number="216" hits="0"/>
						<line number="217" hits="0"/>
						<line number="220" hits="0" branch="true" condition-coverage="0% (0/2)" missing-branches="221,222"/>
						<line number="221" hits="0"/>
						<line number="222" hits="0"/>
						<line number="225" hits="0"/>
						<line number="255" hits="0"/>
						<line number="256" hits="0"/>
						<line number="257" hits="0"/>
						<line number="260" hits="0"/>
						<line number="270" hits="0"/>
						<line number="271" hits="0"/>
						<line number="274" hits="0" branch="true" condition-coverage="0% (0/2)" missing-branches="275,289"/>
						<line number="275" hits="0" branch="true" condition-coverage="0% (0/2)" missing-branches="276,277"/>
						<line number="276" hits="0"/>
						<line number="277" hits="0" branch="true" condition-coverage="0% (0/2)" missing-branches="278,280"/>
						<line number="278" hits="0"/>
						<line number="280" hits="0"/>
						<line number="281" hits="0" branch="true" condition-coverage="0% (0/2)" missing-branches="282,284"/>
						<line number="282" hits="0"/>
						<line number="284" hits="0"/>
						<line number="287" hits="0"/>
						<line number="289" hits="0"/>
						<line number="292" hits="0"/>
						<line number="313" hits="0" branch="true" condition-coverage="0% (0/2)" missing-branches="314,317"/>
						<line number="314" hits="0"/>
						<line number="317" hits="0"/>
						<line number="318" hits="0" branch="true" condition-coverage="0% (0/2)" missing-branches="319,322"/>
						<line number="319" hits="0"/>
						<line number="322" hits="0"/>
						<line number="325" hits="0"/>
						<line number="326" hits="0"/>
						<line number="327" hits="0" branch="true" condition-coverage="0% (0/2)" missing-branches="328,339"/>
						<line number="328" hits="0"/>
						<line number="336" hits="0"/>
						<line number="339" hits="0"/>
						<line number="340" hits="0" branch="true" condition-coverage="0% (0/2)" missing-branches="341,345"/>
						<line number="341" hits="0"/>
						<line number="342" hits="0"/>
						<line number="345" hits="0"/>
						<line number="346" hits="0"/>
					</lines>
				</class>
			</classes>
		</package>
		<package name="plot" line-rate="0.2359" branch-rate="0" complexity="0">
			<classes>
				<class name="__init__.py" filename="plot/__init__.py" complexity="0" line-rate="1" branch-rate="1">
					<methods/>
					<lines>
						<line number="3" hits="1"/>
						<line number="4" hits="1"/>
						<line number="5" hits="1"/>
						<line number="6" hits="1"/>
						<line number="7" hits="1"/>
						<line number="8" hits="1"/>
						<line number="10" hits="1"/>
					</lines>
				</class>
				<class name="ceac.py" filename="plot/ceac.py" complexity="0" line-rate="0.1897" branch-rate="0">
					<methods/>
					<lines>
						<line number="3" hits="1"/>
						<line number="6" hits="1"/>
						<line number="7" hits="1"/>
						<line number="8" hits="1"/>
						<line number="9" hits="1"/>
						<line number="11" hits="1"/>
						<line number="17" hits="1"/>
						<line number="18" hits="1"/>
						<line number="19" hits="1"/>
						<line number="22" hits="1"/>
						<line number="28" hits="0"/>
						<line number="31" hits="0" branch="true" condition-coverage="0% (0/2)" missing-branches="32,41"/>
						<line number="32" hits="0"/>
						<line number="34" hits="0"/>
						<line number="37" hits="0" branch="true" condition-coverage="0% (0/2)" missing-branches="31,38"/>
						<line number="38" hits="0"/>
						<line number="41" hits="0"/>
						<line number="44" hits="1"/>
						<line number="85" hits="0" branch="true" condition-coverage="0% (0/2)" missing-branches="86,90"/>
						<line number="86" hits="0"/>
						<line number="90" hits="0"/>
						<line number="91" hits="0" branch="true" condition-coverage="0% (0/2)" missing-branches="92,94"/>
						<line number="92" hits="0"/>
						<line number="94" hits="0"/>
						<line number="95" hits="0" branch="true" condition-coverage="0% (0/2)" missing-branches="96,101"/>
						<line number="96" hits="0"/>
						<line number="101" hits="0"/>
						<line number="102" hits="0"/>
						<line number="104" hits="0" branch="true" condition-coverage="0% (0/2)" missing-branches="105,110"/>
						<line number="105" hits="0"/>
						<line number="110" hits="0" branch="true" condition-coverage="0% (0/2)" missing-branches="111,116"/>
						<line number="111" hits="0"/>
						<line number="116" hits="0" branch="true" condition-coverage="0% (0/2)" missing-branches="117,119"/>
						<line number="117" hits="0"/>
						<line number="119" hits="0"/>
						<line number="121" hits="0"/>
						<line number="122" hits="0" branch="true" condition-coverage="0% (0/2)" missing-branches="123,125"/>
						<line number="123" hits="0"/>
						<line number="125" hits="0"/>
						<line number="126" hits="0" branch="true" condition-coverage="0% (0/2)" missing-branches="128,130"/>
						<line number="128" hits="0"/>
						<line number="130" hits="0" branch="true" condition-coverage="0% (0/2)" missing-branches="132,151"/>
						<line number="132" hits="0"/>
						<line number="135" hits="0"/>
						<line number="136" hits="0" branch="true" condition-coverage="0% (0/2)" missing-branches="137,140"/>
						<line number="137" hits="0"/>
						<line number="140" hits="0" branch="true" condition-coverage="0% (0/2)" missing-branches="141,147"/>
						<line number="141" hits="0"/>
						<line number="142" hits="0"/>
						<line number="147" hits="0"/>
						<line number="149" hits="0"/>
						<line number="151" hits="0"/>
						<line number="152" hits="0"/>
						<line number="153" hits="0"/>
						<line number="154" hits="0"/>
						<line number="155" hits="0"/>
						<line number="156" hits="0"/>
						<line number="158" hits="0"/>
					</lines>
				</class>
				<class name="ceaf.py" filename="plot/ceaf.py" complexity="0" line-rate="0.3333" branch-rate="0">
					<methods/>
					<lines>
						<line number="3" hits="1"/>
						<line number="5" hits="1"/>
						<line number="7" hits="1"/>
						<line number="8" hits="1"/>
						<line number="9" hits="1"/>
						<line number="11" hits="1"/>
						<line number="16" hits="1"/>
						<line number="17" hits="1"/>
						<line number="18" hits="1"/>
						<line number="21" hits="1"/>
						<line number="63" hits="0" branch="true" condition-coverage="0% (0/2)" missing-branches="64,68"/>
						<line number="64" hits="0"/>
						<line number="68" hits="0"/>
						<line number="73" hits="0" branch="true" condition-coverage="0% (0/2)" missing-branches="74,76"/>
						<line number="74" hits="0"/>
						<line number="76" hits="0"/>
						<line number="81" hits="0"/>
						<line number="82" hits="0"/>
						<line number="88" hits="0" branch="true" condition-coverage="0% (0/2)" missing-branches="89,98"/>
						<line number="89" hits="0"/>
						<line number="98" hits="0"/>
						<line number="103" hits="0" branch="true" condition-coverage="0% (0/2)" missing-branches="109,117"/>
						<line number="109" hits="0"/>
						<line number="117" hits="0"/>
						<line number="118" hits="0"/>
						<line number="119" hits="0"/>
						<line number="120" hits="0"/>
						<line number="121" hits="0"/>
						<line number="122" hits="0"/>
						<line number="123" hits="0"/>
					</lines>
				</class>
				<class name="dominance.py" filename="plot/dominance.py" complexity="0" line-rate="0.2903" branch-rate="0">
					<methods/>
					<lines>
						<line number="3" hits="1"/>
						<line number="5" hits="1"/>
						<line number="7" hits="1"/>
						<line number="8" hits="1"/>
						<line number="9" hits="1"/>
						<line number="11" hits="1"/>
						<line number="16" hits="1"/>
						<line number="17" hits="1"/>
						<line number="20" hits="1"/>
						<line number="59" hits="0" branch="true" condition-coverage="0% (0/2)" missing-branches="60,64"/>
						<line number="60" hits="0"/>
						<line number="64" hits="0"/>
						<line number="65" hits="0" branch="true" condition-coverage="0% (0/2)" missing-branches="66,68"/>
						<line number="66" hits="0"/>
						<line number="68" hits="0"/>
						<line number="73" hits="0" branch="true" condition-coverage="0% (0/2)" missing-branches="74,84"/>
						<line number="74" hits="0"/>
						<line number="75" hits="0"/>
						<line number="76" hits="0"/>
						<line number="77" hits="0"/>
						<line number="84" hits="0" branch="true" condition-coverage="0% (0/2)" missing-branches="85,95"/>
						<line number="85" hits="0"/>
						<line number="86" hits="0"/>
						<line number="95" hits="0" branch="true" condition-coverage="0% (0/2)" missing-branches="101,105"/>
						<line number="101" hits="0"/>
						<line number="105" hits="0"/>
						<line number="106" hits="0"/>
						<line number="107" hits="0"/>
						<line number="108" hits="0"/>
						<line number="109" hits="0"/>
						<line number="110" hits="0"/>
					</lines>
				</class>
				<class name="heterogeneity.py" filename="plot/heterogeneity.py" complexity="0" line-rate="0.381" branch-rate="0">
					<methods/>
					<lines>
						<line number="3" hits="1"/>
						<line number="5" hits="1"/>
						<line number="6" hits="1"/>
						<line number="7" hits="1"/>
						<line number="9" hits="1"/>
						<line number="14" hits="1"/>
						<line number="15" hits="1"/>
						<line number="18" hits="1"/>
						<line number="27" hits="0" branch="true" condition-coverage="0% (0/2)" missing-branches="28,31"/>
						<line number="28" hits="0"/>
						<line number="31" hits="0" branch="true" condition-coverage="0% (0/2)" missing-branches="32,34"/>
						<line number="32" hits="0"/>
						<line number="34" hits="0"/>
						<line number="35" hits="0"/>
						<line number="36" hits="0"/>
						<line number="37" hits="0"/>
						<line number="44" hits="0"/>
						<line number="45" hits="0"/>
						<line number="46" hits="0"/>
						<line number="47" hits="0"/>
						<line number="48" hits="0"/>
					</lines>
				</class>
				<class name="perspective.py" filename="plot/perspective.py" complexity="0" line-rate="0.3214" branch-rate="0">
					<methods/>
					<lines>
						<line number="3" hits="1"/>
						<line number="5" hits="1"/>
						<line number="7" hits="1"/>
						<line number="8" hits="1"/>
						<line number="9" hits="1"/>
						<line number="11" hits="1"/>
						<line number="16" hits="1"/>
						<line number="17" hits="1"/>
						<line number="20" hits="1"/>
						<line number="44" hits="0" branch="true" condition-coverage="0% (0/2)" missing-branches="45,48"/>
						<line number="45" hits="0"/>
						<line number="48" hits="0" branch="true" condition-coverage="0% (0/2)" missing-branches="49,51"/>
						<line number="49" hits="0"/>
						<line number="51" hits="0"/>
						<line number="52" hits="0"/>
						<line number="53" hits="0"/>
						<line number="54" hits="0"/>
						<line number="55" hits="0"/>
						<line number="56" hits="0"/>
						<line number="57" hits="0"/>
						<line number="58" hits="0"/>
						<line number="59" hits="0"/>
						<line number="60" hits="0"/>
						<line number="62" hits="0" branch="true" condition-coverage="0% (0/2)" missing-branches="63,73"/>
						<line number="63" hits="0" branch="true" condition-coverage="0% (0/2)" missing-branches="62,64"/>
						<line number="64" hits="0"/>
						<line number="73" hits="0"/>
						<line number="74" hits="0"/>
					</lines>
				</class>
				<class name="voi_curves.py" filename="plot/voi_curves.py" complexity="0" line-rate="0.1193" branch-rate="0">
					<methods/>
					<lines>
						<line number="5" hits="1"/>
						<line number="8" hits="1"/>
						<line number="9" hits="1"/>
						<line number="10" hits="1"/>
						<line number="11" hits="1"/>
						<line number="12" hits="1"/>
						<line number="14" hits="1"/>
						<line number="21" hits="1"/>
						<line number="22" hits="1"/>
						<line number="25" hits="1"/>
						<line number="58" hits="0" branch="true" condition-coverage="0% (0/2)" missing-branches="59,63"/>
						<line number="59" hits="0"/>
						<line number="63" hits="0"/>
						<line number="64" hits="0"/>
						<line number="66" hits="0" branch="true" condition-coverage="0% (0/2)" missing-branches="67,68"/>
						<line number="67" hits="0"/>
						<line number="68" hits="0" branch="true" condition-coverage="0% (0/2)" missing-branches="69,70"/>
						<line number="69" hits="0"/>
						<line number="70" hits="0" branch="true" condition-coverage="0% (0/2)" missing-branches="73,75"/>
						<line number="73" hits="0"/>
						<line number="75" hits="0" branch="true" condition-coverage="0% (0/2)" missing-branches="76,78"/>
						<line number="76" hits="0"/>
						<line number="78" hits="0"/>
						<line number="79" hits="0"/>
						<line number="80" hits="0"/>
						<line number="81" hits="0"/>
						<line number="82" hits="0"/>
						<line number="84" hits="0"/>
						<line number="87" hits="1"/>
						<line number="96" hits="0"/>
						<line number="97" hits="0"/>
						<line number="100" hits="0" branch="true" condition-coverage="0% (0/2)" missing-branches="101,126"/>
						<line number="101" hits="0" branch="true" condition-coverage="0% (0/2)" missing-branches="102,106"/>
						<line number="102" hits="0"/>
						<line number="103" hits="0" branch="true" condition-coverage="0% (0/2)" missing-branches="104,106"/>
						<line number="104" hits="0"/>
						<line number="106" hits="0"/>
						<line number="107" hits="0" branch="true" condition-coverage="0% (0/2)" missing-branches="108,110"/>
						<line number="108" hits="0"/>
						<line number="110" hits="0" branch="true" condition-coverage="0% (0/2)" missing-branches="111,118"/>
						<line number="111" hits="0"/>
						<line number="114" hits="0"/>
						<line number="115" hits="0"/>
						<line number="116" hits="0"/>
						<line number="118" hits="0" branch="true" condition-coverage="0% (0/2)" missing-branches="119,126"/>
						<line number="119" hits="0"/>
						<line number="120" hits="0" branch="true" condition-coverage="0% (0/2)" missing-branches="121,122"/>
						<line number="121" hits="0"/>
						<line number="122" hits="0"/>
						<line number="123" hits="0"/>
						<line number="124" hits="0"/>
						<line number="126" hits="0"/>
						<line number="129" hits="1"/>
						<line number="177" hits="0" branch="true" condition-coverage="0% (0/2)" missing-branches="178,182"/>
						<line number="178" hits="0"/>
						<line number="182" hits="0"/>
						<line number="183" hits="0"/>
						<line number="185" hits="0" branch="true" condition-coverage="0% (0/2)" missing-branches="186,187"/>
						<line number="186" hits="0"/>
						<line number="187" hits="0" branch="true" condition-coverage="0% (0/2)" missing-branches="188,190"/>
						<line number="188" hits="0"/>
						<line number="190" hits="0"/>
						<line number="191" hits="0" branch="true" condition-coverage="0% (0/2)" missing-branches="192,194"/>
						<line number="192" hits="0"/>
						<line number="194" hits="0"/>
						<line number="195" hits="0" branch="true" condition-coverage="0% (0/2)" missing-branches="196,198"/>
						<line number="196" hits="0"/>
						<line number="198" hits="0"/>
						<line number="199" hits="0" branch="true" condition-coverage="0% (0/2)" missing-branches="200,202"/>
						<line number="200" hits="0"/>
						<line number="202" hits="0" branch="true" condition-coverage="0% (0/2)" missing-branches="203,205"/>
						<line number="203" hits="0"/>
						<line number="205" hits="0"/>
						<line number="207" hits="0"/>
						<line number="208" hits="0"/>
						<line number="209" hits="0"/>
						<line number="210" hits="0"/>
						<line number="212" hits="0"/>
						<line number="213" hits="0"/>
						<line number="215" hits="0"/>
						<line number="224" hits="0"/>
						<line number="225" hits="0"/>
						<line number="227" hits="0"/>
						<line number="228" hits="0"/>
						<line number="234" hits="0"/>
						<line number="237" hits="1"/>
						<line number="276" hits="0" branch="true" condition-coverage="0% (0/2)" missing-branches="277,281"/>
						<line number="277" hits="0"/>
						<line number="281" hits="0"/>
						<line number="282" hits="0"/>
						<line number="284" hits="0"/>
						<line number="285" hits="0" branch="true" condition-coverage="0% (0/2)" missing-branches="286,289"/>
						<line number="286" hits="0"/>
						<line number="289" hits="0" branch="true" condition-coverage="0% (0/2)" missing-branches="290,293"/>
						<line number="290" hits="0"/>
						<line number="293" hits="0" branch="true" condition-coverage="0% (0/2)" missing-branches="294,298"/>
						<line number="294" hits="0"/>
						<line number="298" hits="0" branch="true" condition-coverage="0% (0/2)" missing-branches="299,302"/>
						<line number="299" hits="0"/>
						<line number="300" hits="0"/>
						<line number="302" hits="0"/>
						<line number="303" hits="0"/>
						<line number="305" hits="0"/>
						<line number="306" hits="0"/>
						<line number="307" hits="0"/>
						<line number="308" hits="0"/>
						<line number="309" hits="0"/>
						<line number="310" hits="0"/>
						<line number="312" hits="0"/>
					</lines>
				</class>
			</classes>
		</package>
	</packages>
</coverage>
